<?xml version="1.0" encoding="UTF-8"?>
<testsuite name="server.envy.me.TripClassTest.CO2CalculatorMockito" tests="10" skipped="0" failures="0" errors="0" timestamp="2019-04-14T20:59:03" hostname="Ilyas-MBP.Stieltjesweg.duwo.lan" time="0.027">
  <properties/>
  <testcase name="testEmissionPlane" classname="server.envy.me.TripClassTest.CO2CalculatorMockito" time="0.002"/>
  <testcase name="testScoreZero" classname="server.envy.me.TripClassTest.CO2CalculatorMockito" time="0.001"/>
  <testcase name="testEmissionCarDiesel" classname="server.envy.me.TripClassTest.CO2CalculatorMockito" time="0.001"/>
  <testcase name="testEmissionCarBenzine" classname="server.envy.me.TripClassTest.CO2CalculatorMockito" time="0.002"/>
  <testcase name="testEmissionCarHybrid" classname="server.envy.me.TripClassTest.CO2CalculatorMockito" time="0.001"/>
  <testcase name="testEmissionCarGeneric" classname="server.envy.me.TripClassTest.CO2CalculatorMockito" time="0.002"/>
  <testcase name="testEmissionCarElectric" classname="server.envy.me.TripClassTest.CO2CalculatorMockito" time="0.001"/>
  <testcase name="testEmissionBikeWalk" classname="server.envy.me.TripClassTest.CO2CalculatorMockito" time="0.001"/>
  <testcase name="testEmissionCarLpg" classname="server.envy.me.TripClassTest.CO2CalculatorMockito" time="0.002"/>
  <testcase name="testEmissionPubTrans" classname="server.envy.me.TripClassTest.CO2CalculatorMockito" time="0.001"/>
  <system-out><![CDATA[2019-04-14 22:59:03.712  INFO 17085 --- [    Test worker] o.s.t.c.s.DefaultTestContextBootstrapper : Neither @ContextConfiguration nor @ContextHierarchy found for test class [server.envy.me.TripClassTest.CO2CalculatorMockito], using DelegatingSmartContextLoader
2019-04-14 22:59:03.712  INFO 17085 --- [    Test worker] o.s.t.c.support.AbstractContextLoader    : Could not detect default resource locations for test class [server.envy.me.TripClassTest.CO2CalculatorMockito]: no resource found for suffixes {-context.xml}.
2019-04-14 22:59:03.712  INFO 17085 --- [    Test worker] t.c.s.AnnotationConfigContextLoaderUtils : Could not detect default configuration classes for test class [server.envy.me.TripClassTest.CO2CalculatorMockito]: CO2CalculatorMockito does not declare any static, non-private, non-final, nested classes annotated with @Configuration.
2019-04-14 22:59:03.714  INFO 17085 --- [    Test worker] o.s.t.c.s.DefaultTestContextBootstrapper : Loaded default TestExecutionListener class names from location [META-INF/spring.factories]: [org.springframework.boot.test.autoconfigure.restdocs.RestDocsTestExecutionListener, org.springframework.boot.test.autoconfigure.web.client.MockRestServiceServerResetTestExecutionListener, org.springframework.boot.test.autoconfigure.web.servlet.MockMvcPrintOnlyOnFailureTestExecutionListener, org.springframework.boot.test.autoconfigure.web.servlet.WebDriverTestExecutionListener, org.springframework.boot.test.mock.mockito.MockitoTestExecutionListener, org.springframework.boot.test.mock.mockito.ResetMocksTestExecutionListener, org.springframework.test.context.web.ServletTestExecutionListener, org.springframework.test.context.support.DirtiesContextBeforeModesTestExecutionListener, org.springframework.test.context.support.DependencyInjectionTestExecutionListener, org.springframework.test.context.support.DirtiesContextTestExecutionListener, org.springframework.test.context.transaction.TransactionalTestExecutionListener, org.springframework.test.context.jdbc.SqlScriptsTestExecutionListener]
2019-04-14 22:59:03.714  INFO 17085 --- [    Test worker] o.s.t.c.s.DefaultTestContextBootstrapper : Using TestExecutionListeners: [org.springframework.test.context.web.ServletTestExecutionListener@4670284e, org.springframework.test.context.support.DirtiesContextBeforeModesTestExecutionListener@14af6559, org.springframework.boot.test.mock.mockito.MockitoTestExecutionListener@668c07fc, org.springframework.test.context.support.DependencyInjectionTestExecutionListener@3486b724, org.springframework.test.context.support.DirtiesContextTestExecutionListener@7373cba2, org.springframework.test.context.transaction.TransactionalTestExecutionListener@1c19ed38, org.springframework.test.context.jdbc.SqlScriptsTestExecutionListener@1a2caaa0, org.springframework.boot.test.autoconfigure.restdocs.RestDocsTestExecutionListener@1b920156, org.springframework.boot.test.autoconfigure.web.client.MockRestServiceServerResetTestExecutionListener@7651e75d, org.springframework.boot.test.autoconfigure.web.servlet.MockMvcPrintOnlyOnFailureTestExecutionListener@2572b482, org.springframework.boot.test.autoconfigure.web.servlet.WebDriverTestExecutionListener@5a746326, org.springframework.boot.test.mock.mockito.ResetMocksTestExecutionListener@51e7418f]
]]></system-out>
  <system-err><![CDATA[]]></system-err>
</testsuite>
