<?xml version="1.0" encoding="UTF-8"?>
<testsuite name="server.envy.me.userFriendsTest.userFriendsMockitoTests" tests="8" skipped="0" failures="0" errors="0" timestamp="2019-04-14T20:59:03" hostname="Ilyas-MBP.Stieltjesweg.duwo.lan" time="0.204">
  <properties/>
  <testcase name="testDeleteInvalidUsername" classname="server.envy.me.userFriendsTest.userFriendsMockitoTests" time="0.024"/>
  <testcase name="testGetAllFriendsValid" classname="server.envy.me.userFriendsTest.userFriendsMockitoTests" time="0.028"/>
  <testcase name="testGetAllFriendsInvalidUsername" classname="server.envy.me.userFriendsTest.userFriendsMockitoTests" time="0.022"/>
  <testcase name="testDeleteValidUsernameInvalidFriend" classname="server.envy.me.userFriendsTest.userFriendsMockitoTests" time="0.025"/>
  <testcase name="testStoreValidFriend" classname="server.envy.me.userFriendsTest.userFriendsMockitoTests" time="0.022"/>
  <testcase name="testStoreInvalidFriend" classname="server.envy.me.userFriendsTest.userFriendsMockitoTests" time="0.02"/>
  <testcase name="testDeleteValidUsername" classname="server.envy.me.userFriendsTest.userFriendsMockitoTests" time="0.024"/>
  <testcase name="testStoreInvalidUsername" classname="server.envy.me.userFriendsTest.userFriendsMockitoTests" time="0.023"/>
  <system-out><![CDATA[2019-04-14 22:59:03.871  INFO 17085 --- [    Test worker] o.s.t.c.s.DefaultTestContextBootstrapper : Neither @ContextConfiguration nor @ContextHierarchy found for test class [server.envy.me.userFriendsTest.userFriendsMockitoTests], using DelegatingSmartContextLoader
2019-04-14 22:59:03.871  INFO 17085 --- [    Test worker] o.s.t.c.support.AbstractContextLoader    : Could not detect default resource locations for test class [server.envy.me.userFriendsTest.userFriendsMockitoTests]: no resource found for suffixes {-context.xml}.
2019-04-14 22:59:03.872  INFO 17085 --- [    Test worker] t.c.s.AnnotationConfigContextLoaderUtils : Could not detect default configuration classes for test class [server.envy.me.userFriendsTest.userFriendsMockitoTests]: userFriendsMockitoTests does not declare any static, non-private, non-final, nested classes annotated with @Configuration.
2019-04-14 22:59:03.873  INFO 17085 --- [    Test worker] o.s.t.c.s.DefaultTestContextBootstrapper : Loaded default TestExecutionListener class names from location [META-INF/spring.factories]: [org.springframework.boot.test.autoconfigure.restdocs.RestDocsTestExecutionListener, org.springframework.boot.test.autoconfigure.web.client.MockRestServiceServerResetTestExecutionListener, org.springframework.boot.test.autoconfigure.web.servlet.MockMvcPrintOnlyOnFailureTestExecutionListener, org.springframework.boot.test.autoconfigure.web.servlet.WebDriverTestExecutionListener, org.springframework.boot.test.mock.mockito.MockitoTestExecutionListener, org.springframework.boot.test.mock.mockito.ResetMocksTestExecutionListener, org.springframework.test.context.web.ServletTestExecutionListener, org.springframework.test.context.support.DirtiesContextBeforeModesTestExecutionListener, org.springframework.test.context.support.DependencyInjectionTestExecutionListener, org.springframework.test.context.support.DirtiesContextTestExecutionListener, org.springframework.test.context.transaction.TransactionalTestExecutionListener, org.springframework.test.context.jdbc.SqlScriptsTestExecutionListener]
2019-04-14 22:59:03.873  INFO 17085 --- [    Test worker] o.s.t.c.s.DefaultTestContextBootstrapper : Using TestExecutionListeners: [org.springframework.test.context.web.ServletTestExecutionListener@6a1d4d7a, org.springframework.test.context.support.DirtiesContextBeforeModesTestExecutionListener@887c72b, org.springframework.boot.test.mock.mockito.MockitoTestExecutionListener@5cc1f27d, org.springframework.test.context.support.DependencyInjectionTestExecutionListener@3909768, org.springframework.test.context.support.DirtiesContextTestExecutionListener@3e66cfd, org.springframework.test.context.transaction.TransactionalTestExecutionListener@356e5d35, org.springframework.test.context.jdbc.SqlScriptsTestExecutionListener@66ef03ff, org.springframework.boot.test.autoconfigure.restdocs.RestDocsTestExecutionListener@61c3f39d, org.springframework.boot.test.autoconfigure.web.client.MockRestServiceServerResetTestExecutionListener@51f2fadc, org.springframework.boot.test.autoconfigure.web.servlet.MockMvcPrintOnlyOnFailureTestExecutionListener@16b29222, org.springframework.boot.test.autoconfigure.web.servlet.WebDriverTestExecutionListener@85c9bf0, org.springframework.boot.test.mock.mockito.ResetMocksTestExecutionListener@767dde7d]
2019-04-14 22:59:03.918  INFO 17085 --- [    Test worker] o.s.mock.web.MockServletContext          : Initializing Spring TestDispatcherServlet ''
2019-04-14 22:59:03.918  INFO 17085 --- [    Test worker] o.s.t.web.servlet.TestDispatcherServlet  : Initializing Servlet ''
2019-04-14 22:59:03.919  INFO 17085 --- [    Test worker] o.s.t.web.servlet.TestDispatcherServlet  : Completed initialization in 1 ms
2019-04-14 22:59:03.946  INFO 17085 --- [    Test worker] o.s.mock.web.MockServletContext          : Initializing Spring TestDispatcherServlet ''
2019-04-14 22:59:03.947  INFO 17085 --- [    Test worker] o.s.t.web.servlet.TestDispatcherServlet  : Initializing Servlet ''
2019-04-14 22:59:03.947  INFO 17085 --- [    Test worker] o.s.t.web.servlet.TestDispatcherServlet  : Completed initialization in 0 ms
2019-04-14 22:59:03.974  INFO 17085 --- [    Test worker] o.s.mock.web.MockServletContext          : Initializing Spring TestDispatcherServlet ''
2019-04-14 22:59:03.974  INFO 17085 --- [    Test worker] o.s.t.web.servlet.TestDispatcherServlet  : Initializing Servlet ''
2019-04-14 22:59:03.975  INFO 17085 --- [    Test worker] o.s.t.web.servlet.TestDispatcherServlet  : Completed initialization in 1 ms
2019-04-14 22:59:04.002  INFO 17085 --- [    Test worker] o.s.mock.web.MockServletContext          : Initializing Spring TestDispatcherServlet ''
2019-04-14 22:59:04.002  INFO 17085 --- [    Test worker] o.s.t.web.servlet.TestDispatcherServlet  : Initializing Servlet ''
2019-04-14 22:59:04.002  INFO 17085 --- [    Test worker] o.s.t.web.servlet.TestDispatcherServlet  : Completed initialization in 0 ms
2019-04-14 22:59:04.026  INFO 17085 --- [    Test worker] o.s.mock.web.MockServletContext          : Initializing Spring TestDispatcherServlet ''
2019-04-14 22:59:04.026  INFO 17085 --- [    Test worker] o.s.t.web.servlet.TestDispatcherServlet  : Initializing Servlet ''
2019-04-14 22:59:04.027  INFO 17085 --- [    Test worker] o.s.t.web.servlet.TestDispatcherServlet  : Completed initialization in 0 ms
2019-04-14 22:59:04.049  INFO 17085 --- [    Test worker] o.s.mock.web.MockServletContext          : Initializing Spring TestDispatcherServlet ''
2019-04-14 22:59:04.049  INFO 17085 --- [    Test worker] o.s.t.web.servlet.TestDispatcherServlet  : Initializing Servlet ''
2019-04-14 22:59:04.050  INFO 17085 --- [    Test worker] o.s.t.web.servlet.TestDispatcherServlet  : Completed initialization in 0 ms
2019-04-14 22:59:04.074  INFO 17085 --- [    Test worker] o.s.mock.web.MockServletContext          : Initializing Spring TestDispatcherServlet ''
2019-04-14 22:59:04.074  INFO 17085 --- [    Test worker] o.s.t.web.servlet.TestDispatcherServlet  : Initializing Servlet ''
2019-04-14 22:59:04.075  INFO 17085 --- [    Test worker] o.s.t.web.servlet.TestDispatcherServlet  : Completed initialization in 0 ms
2019-04-14 22:59:04.100  INFO 17085 --- [    Test worker] o.s.mock.web.MockServletContext          : Initializing Spring TestDispatcherServlet ''
2019-04-14 22:59:04.100  INFO 17085 --- [    Test worker] o.s.t.web.servlet.TestDispatcherServlet  : Initializing Servlet ''
2019-04-14 22:59:04.101  INFO 17085 --- [    Test worker] o.s.t.web.servlet.TestDispatcherServlet  : Completed initialization in 0 ms
]]></system-out>
  <system-err><![CDATA[]]></system-err>
</testsuite>
