<?xml version="1.0" encoding="UTF-8"?>
<testsuite name="server.envy.me.userRegistrationTest.RegistrationClassTest" tests="10" skipped="0" failures="0" errors="0" timestamp="2019-04-14T20:59:02" hostname="Ilyas-MBP.Stieltjesweg.duwo.lan" time="0.026">
  <properties/>
  <testcase name="setDateofbirth" classname="server.envy.me.userRegistrationTest.RegistrationClassTest" time="0.002"/>
  <testcase name="getId" classname="server.envy.me.userRegistrationTest.RegistrationClassTest" time="0.001"/>
  <testcase name="getFirstname" classname="server.envy.me.userRegistrationTest.RegistrationClassTest" time="0.002"/>
  <testcase name="getGender" classname="server.envy.me.userRegistrationTest.RegistrationClassTest" time="0.002"/>
  <testcase name="setLastname" classname="server.envy.me.userRegistrationTest.RegistrationClassTest" time="0.002"/>
  <testcase name="getLastname" classname="server.envy.me.userRegistrationTest.RegistrationClassTest" time="0.002"/>
  <testcase name="getDateofbirth" classname="server.envy.me.userRegistrationTest.RegistrationClassTest" time="0.002"/>
  <testcase name="setFirstname" classname="server.envy.me.userRegistrationTest.RegistrationClassTest" time="0.002"/>
  <testcase name="setUsername" classname="server.envy.me.userRegistrationTest.RegistrationClassTest" time="0.002"/>
  <testcase name="getUsername" classname="server.envy.me.userRegistrationTest.RegistrationClassTest" time="0.002"/>
  <system-out><![CDATA[2019-04-14 22:59:02.704  INFO 17085 --- [    Test worker] o.s.t.c.s.DefaultTestContextBootstrapper : Neither @ContextConfiguration nor @ContextHierarchy found for test class [server.envy.me.userRegistrationTest.RegistrationClassTest], using DelegatingSmartContextLoader
2019-04-14 22:59:02.705  INFO 17085 --- [    Test worker] o.s.t.c.support.AbstractContextLoader    : Could not detect default resource locations for test class [server.envy.me.userRegistrationTest.RegistrationClassTest]: no resource found for suffixes {-context.xml}.
2019-04-14 22:59:02.705  INFO 17085 --- [    Test worker] t.c.s.AnnotationConfigContextLoaderUtils : Could not detect default configuration classes for test class [server.envy.me.userRegistrationTest.RegistrationClassTest]: RegistrationClassTest does not declare any static, non-private, non-final, nested classes annotated with @Configuration.
2019-04-14 22:59:02.707  INFO 17085 --- [    Test worker] o.s.t.c.s.DefaultTestContextBootstrapper : Loaded default TestExecutionListener class names from location [META-INF/spring.factories]: [org.springframework.boot.test.autoconfigure.restdocs.RestDocsTestExecutionListener, org.springframework.boot.test.autoconfigure.web.client.MockRestServiceServerResetTestExecutionListener, org.springframework.boot.test.autoconfigure.web.servlet.MockMvcPrintOnlyOnFailureTestExecutionListener, org.springframework.boot.test.autoconfigure.web.servlet.WebDriverTestExecutionListener, org.springframework.boot.test.mock.mockito.MockitoTestExecutionListener, org.springframework.boot.test.mock.mockito.ResetMocksTestExecutionListener, org.springframework.test.context.web.ServletTestExecutionListener, org.springframework.test.context.support.DirtiesContextBeforeModesTestExecutionListener, org.springframework.test.context.support.DependencyInjectionTestExecutionListener, org.springframework.test.context.support.DirtiesContextTestExecutionListener, org.springframework.test.context.transaction.TransactionalTestExecutionListener, org.springframework.test.context.jdbc.SqlScriptsTestExecutionListener]
2019-04-14 22:59:02.707  INFO 17085 --- [    Test worker] o.s.t.c.s.DefaultTestContextBootstrapper : Using TestExecutionListeners: [org.springframework.test.context.web.ServletTestExecutionListener@3510da23, org.springframework.test.context.support.DirtiesContextBeforeModesTestExecutionListener@3d8c945c, org.springframework.boot.test.mock.mockito.MockitoTestExecutionListener@1960c5b9, org.springframework.test.context.support.DependencyInjectionTestExecutionListener@ca98e53, org.springframework.test.context.support.DirtiesContextTestExecutionListener@3f5b8c27, org.springframework.test.context.transaction.TransactionalTestExecutionListener@66acd1e4, org.springframework.test.context.jdbc.SqlScriptsTestExecutionListener@797e8d85, org.springframework.boot.test.autoconfigure.restdocs.RestDocsTestExecutionListener@39e54fef, org.springframework.boot.test.autoconfigure.web.client.MockRestServiceServerResetTestExecutionListener@5a3cc640, org.springframework.boot.test.autoconfigure.web.servlet.MockMvcPrintOnlyOnFailureTestExecutionListener@5a9f0f12, org.springframework.boot.test.autoconfigure.web.servlet.WebDriverTestExecutionListener@5700b361, org.springframework.boot.test.mock.mockito.ResetMocksTestExecutionListener@44890459]
]]></system-out>
  <system-err><![CDATA[]]></system-err>
</testsuite>
