<?xml version="1.0" encoding="UTF-8"?>
<testsuite name="server.envy.me.SettingsClassTest.SettingsClassMockito" tests="4" skipped="0" failures="0" errors="0" timestamp="2019-04-14T20:59:03" hostname="Ilyas-MBP.Stieltjesweg.duwo.lan" time="0.093">
  <properties/>
  <testcase name="testGetSettingsInvalidUser" classname="server.envy.me.SettingsClassTest.SettingsClassMockito" time="0.023"/>
  <testcase name="testStoreSettingsInvalidUser" classname="server.envy.me.SettingsClassTest.SettingsClassMockito" time="0.021"/>
  <testcase name="testStoreSettingsValidUser" classname="server.envy.me.SettingsClassTest.SettingsClassMockito" time="0.022"/>
  <testcase name="testGetSettingsValidUser" classname="server.envy.me.SettingsClassTest.SettingsClassMockito" time="0.022"/>
  <system-out><![CDATA[2019-04-14 22:59:03.765  INFO 17085 --- [    Test worker] o.s.t.c.s.DefaultTestContextBootstrapper : Neither @ContextConfiguration nor @ContextHierarchy found for test class [server.envy.me.SettingsClassTest.SettingsClassMockito], using DelegatingSmartContextLoader
2019-04-14 22:59:03.766  INFO 17085 --- [    Test worker] o.s.t.c.support.AbstractContextLoader    : Could not detect default resource locations for test class [server.envy.me.SettingsClassTest.SettingsClassMockito]: no resource found for suffixes {-context.xml}.
2019-04-14 22:59:03.766  INFO 17085 --- [    Test worker] t.c.s.AnnotationConfigContextLoaderUtils : Could not detect default configuration classes for test class [server.envy.me.SettingsClassTest.SettingsClassMockito]: SettingsClassMockito does not declare any static, non-private, non-final, nested classes annotated with @Configuration.
2019-04-14 22:59:03.767  INFO 17085 --- [    Test worker] o.s.t.c.s.DefaultTestContextBootstrapper : Loaded default TestExecutionListener class names from location [META-INF/spring.factories]: [org.springframework.boot.test.autoconfigure.restdocs.RestDocsTestExecutionListener, org.springframework.boot.test.autoconfigure.web.client.MockRestServiceServerResetTestExecutionListener, org.springframework.boot.test.autoconfigure.web.servlet.MockMvcPrintOnlyOnFailureTestExecutionListener, org.springframework.boot.test.autoconfigure.web.servlet.WebDriverTestExecutionListener, org.springframework.boot.test.mock.mockito.MockitoTestExecutionListener, org.springframework.boot.test.mock.mockito.ResetMocksTestExecutionListener, org.springframework.test.context.web.ServletTestExecutionListener, org.springframework.test.context.support.DirtiesContextBeforeModesTestExecutionListener, org.springframework.test.context.support.DependencyInjectionTestExecutionListener, org.springframework.test.context.support.DirtiesContextTestExecutionListener, org.springframework.test.context.transaction.TransactionalTestExecutionListener, org.springframework.test.context.jdbc.SqlScriptsTestExecutionListener]
2019-04-14 22:59:03.768  INFO 17085 --- [    Test worker] o.s.t.c.s.DefaultTestContextBootstrapper : Using TestExecutionListeners: [org.springframework.test.context.web.ServletTestExecutionListener@7dce97e7, org.springframework.test.context.support.DirtiesContextBeforeModesTestExecutionListener@5744ff18, org.springframework.boot.test.mock.mockito.MockitoTestExecutionListener@58c0f22b, org.springframework.test.context.support.DependencyInjectionTestExecutionListener@78fcaa7e, org.springframework.test.context.support.DirtiesContextTestExecutionListener@71046b29, org.springframework.test.context.transaction.TransactionalTestExecutionListener@148e62e, org.springframework.test.context.jdbc.SqlScriptsTestExecutionListener@5e460d86, org.springframework.boot.test.autoconfigure.restdocs.RestDocsTestExecutionListener@43f4e36a, org.springframework.boot.test.autoconfigure.web.client.MockRestServiceServerResetTestExecutionListener@11fb851e, org.springframework.boot.test.autoconfigure.web.servlet.MockMvcPrintOnlyOnFailureTestExecutionListener@57447899, org.springframework.boot.test.autoconfigure.web.servlet.WebDriverTestExecutionListener@398065ca, org.springframework.boot.test.mock.mockito.ResetMocksTestExecutionListener@5d0b2e23]
2019-04-14 22:59:03.786  INFO 17085 --- [    Test worker] o.s.mock.web.MockServletContext          : Initializing Spring TestDispatcherServlet ''
2019-04-14 22:59:03.787  INFO 17085 --- [    Test worker] o.s.t.web.servlet.TestDispatcherServlet  : Initializing Servlet ''
2019-04-14 22:59:03.787  INFO 17085 --- [    Test worker] o.s.t.web.servlet.TestDispatcherServlet  : Completed initialization in 0 ms
2019-04-14 22:59:03.808  INFO 17085 --- [    Test worker] o.s.mock.web.MockServletContext          : Initializing Spring TestDispatcherServlet ''
2019-04-14 22:59:03.808  INFO 17085 --- [    Test worker] o.s.t.web.servlet.TestDispatcherServlet  : Initializing Servlet ''
2019-04-14 22:59:03.809  INFO 17085 --- [    Test worker] o.s.t.web.servlet.TestDispatcherServlet  : Completed initialization in 0 ms
Username does not exist2019-04-14 22:59:03.832  INFO 17085 --- [    Test worker] o.s.mock.web.MockServletContext          : Initializing Spring TestDispatcherServlet ''
2019-04-14 22:59:03.832  INFO 17085 --- [    Test worker] o.s.t.web.servlet.TestDispatcherServlet  : Initializing Servlet ''
2019-04-14 22:59:03.833  INFO 17085 --- [    Test worker] o.s.t.web.servlet.TestDispatcherServlet  : Completed initialization in 0 ms
2019-04-14 22:59:03.857  INFO 17085 --- [    Test worker] o.s.mock.web.MockServletContext          : Initializing Spring TestDispatcherServlet ''
2019-04-14 22:59:03.858  INFO 17085 --- [    Test worker] o.s.t.web.servlet.TestDispatcherServlet  : Initializing Servlet ''
2019-04-14 22:59:03.858  INFO 17085 --- [    Test worker] o.s.t.web.servlet.TestDispatcherServlet  : Completed initialization in 0 ms
]]></system-out>
  <system-err><![CDATA[]]></system-err>
</testsuite>
