<?xml version="1.0" encoding="UTF-8"?>
<testsuite name="server.envy.me.ExtraFeaturesTest.GetListUsernamesTest" tests="3" skipped="0" failures="0" errors="0" timestamp="2019-04-14T20:59:05" hostname="Ilyas-MBP.Stieltjesweg.duwo.lan" time="0.057">
  <properties/>
  <testcase name="getFindAllUsers" classname="server.envy.me.ExtraFeaturesTest.GetListUsernamesTest" time="0.021"/>
  <testcase name="getEmptyFindAll" classname="server.envy.me.ExtraFeaturesTest.GetListUsernamesTest" time="0.015"/>
  <testcase name="getOnly10" classname="server.envy.me.ExtraFeaturesTest.GetListUsernamesTest" time="0.017"/>
  <system-out><![CDATA[2019-04-14 22:59:05.105  INFO 17085 --- [    Test worker] o.s.t.c.s.DefaultTestContextBootstrapper : Neither @ContextConfiguration nor @ContextHierarchy found for test class [server.envy.me.ExtraFeaturesTest.GetListUsernamesTest], using DelegatingSmartContextLoader
2019-04-14 22:59:05.106  INFO 17085 --- [    Test worker] o.s.t.c.support.AbstractContextLoader    : Could not detect default resource locations for test class [server.envy.me.ExtraFeaturesTest.GetListUsernamesTest]: no resource found for suffixes {-context.xml}.
2019-04-14 22:59:05.106  INFO 17085 --- [    Test worker] t.c.s.AnnotationConfigContextLoaderUtils : Could not detect default configuration classes for test class [server.envy.me.ExtraFeaturesTest.GetListUsernamesTest]: GetListUsernamesTest does not declare any static, non-private, non-final, nested classes annotated with @Configuration.
2019-04-14 22:59:05.107  INFO 17085 --- [    Test worker] o.s.t.c.s.DefaultTestContextBootstrapper : Loaded default TestExecutionListener class names from location [META-INF/spring.factories]: [org.springframework.boot.test.autoconfigure.restdocs.RestDocsTestExecutionListener, org.springframework.boot.test.autoconfigure.web.client.MockRestServiceServerResetTestExecutionListener, org.springframework.boot.test.autoconfigure.web.servlet.MockMvcPrintOnlyOnFailureTestExecutionListener, org.springframework.boot.test.autoconfigure.web.servlet.WebDriverTestExecutionListener, org.springframework.boot.test.mock.mockito.MockitoTestExecutionListener, org.springframework.boot.test.mock.mockito.ResetMocksTestExecutionListener, org.springframework.test.context.web.ServletTestExecutionListener, org.springframework.test.context.support.DirtiesContextBeforeModesTestExecutionListener, org.springframework.test.context.support.DependencyInjectionTestExecutionListener, org.springframework.test.context.support.DirtiesContextTestExecutionListener, org.springframework.test.context.transaction.TransactionalTestExecutionListener, org.springframework.test.context.jdbc.SqlScriptsTestExecutionListener]
2019-04-14 22:59:05.108  INFO 17085 --- [    Test worker] o.s.t.c.s.DefaultTestContextBootstrapper : Using TestExecutionListeners: [org.springframework.test.context.web.ServletTestExecutionListener@7707ec18, org.springframework.test.context.support.DirtiesContextBeforeModesTestExecutionListener@4cdf309f, org.springframework.boot.test.mock.mockito.MockitoTestExecutionListener@3106ad69, org.springframework.test.context.support.DependencyInjectionTestExecutionListener@1aaea15f, org.springframework.test.context.support.DirtiesContextTestExecutionListener@5201f93e, org.springframework.test.context.transaction.TransactionalTestExecutionListener@67ef6029, org.springframework.test.context.jdbc.SqlScriptsTestExecutionListener@6306f458, org.springframework.boot.test.autoconfigure.restdocs.RestDocsTestExecutionListener@c4d053e, org.springframework.boot.test.autoconfigure.web.client.MockRestServiceServerResetTestExecutionListener@51d8d580, org.springframework.boot.test.autoconfigure.web.servlet.MockMvcPrintOnlyOnFailureTestExecutionListener@4daa09ba, org.springframework.boot.test.autoconfigure.web.servlet.WebDriverTestExecutionListener@195a9063, org.springframework.boot.test.mock.mockito.ResetMocksTestExecutionListener@7dda0283]
2019-04-14 22:59:05.126  INFO 17085 --- [    Test worker] o.s.mock.web.MockServletContext          : Initializing Spring TestDispatcherServlet ''
2019-04-14 22:59:05.126  INFO 17085 --- [    Test worker] o.s.t.web.servlet.TestDispatcherServlet  : Initializing Servlet ''
2019-04-14 22:59:05.126  INFO 17085 --- [    Test worker] o.s.t.web.servlet.TestDispatcherServlet  : Completed initialization in 0 ms
2019-04-14 22:59:05.144  INFO 17085 --- [    Test worker] o.s.mock.web.MockServletContext          : Initializing Spring TestDispatcherServlet ''
2019-04-14 22:59:05.144  INFO 17085 --- [    Test worker] o.s.t.web.servlet.TestDispatcherServlet  : Initializing Servlet ''
2019-04-14 22:59:05.144  INFO 17085 --- [    Test worker] o.s.t.web.servlet.TestDispatcherServlet  : Completed initialization in 0 ms
2019-04-14 22:59:05.162  INFO 17085 --- [    Test worker] o.s.mock.web.MockServletContext          : Initializing Spring TestDispatcherServlet ''
2019-04-14 22:59:05.162  INFO 17085 --- [    Test worker] o.s.t.web.servlet.TestDispatcherServlet  : Initializing Servlet ''
2019-04-14 22:59:05.162  INFO 17085 --- [    Test worker] o.s.t.web.servlet.TestDispatcherServlet  : Completed initialization in 0 ms
]]></system-out>
  <system-err><![CDATA[]]></system-err>
</testsuite>
