<?xml version="1.0" encoding="UTF-8"?>
<testsuite name="server.envy.me.TripClassTest.UserTripTest" tests="3" skipped="0" failures="0" errors="0" timestamp="2019-04-14T20:59:03" hostname="Ilyas-MBP.Stieltjesweg.duwo.lan" time="0.006">
  <properties/>
  <testcase name="testGetListEmpty" classname="server.envy.me.TripClassTest.UserTripTest" time="0.001"/>
  <testcase name="testGetListNotEmpty" classname="server.envy.me.TripClassTest.UserTripTest" time="0.002"/>
  <testcase name="testGetListDifferentUsers" classname="server.envy.me.TripClassTest.UserTripTest" time="0.002"/>
  <system-out><![CDATA[2019-04-14 22:59:03.752  INFO 17085 --- [    Test worker] o.s.t.c.s.DefaultTestContextBootstrapper : Neither @ContextConfiguration nor @ContextHierarchy found for test class [server.envy.me.TripClassTest.UserTripTest], using DelegatingSmartContextLoader
2019-04-14 22:59:03.752  INFO 17085 --- [    Test worker] o.s.t.c.support.AbstractContextLoader    : Could not detect default resource locations for test class [server.envy.me.TripClassTest.UserTripTest]: no resource found for suffixes {-context.xml}.
2019-04-14 22:59:03.753  INFO 17085 --- [    Test worker] t.c.s.AnnotationConfigContextLoaderUtils : Could not detect default configuration classes for test class [server.envy.me.TripClassTest.UserTripTest]: UserTripTest does not declare any static, non-private, non-final, nested classes annotated with @Configuration.
2019-04-14 22:59:03.753  INFO 17085 --- [    Test worker] o.s.t.c.s.DefaultTestContextBootstrapper : Loaded default TestExecutionListener class names from location [META-INF/spring.factories]: [org.springframework.boot.test.autoconfigure.restdocs.RestDocsTestExecutionListener, org.springframework.boot.test.autoconfigure.web.client.MockRestServiceServerResetTestExecutionListener, org.springframework.boot.test.autoconfigure.web.servlet.MockMvcPrintOnlyOnFailureTestExecutionListener, org.springframework.boot.test.autoconfigure.web.servlet.WebDriverTestExecutionListener, org.springframework.boot.test.mock.mockito.MockitoTestExecutionListener, org.springframework.boot.test.mock.mockito.ResetMocksTestExecutionListener, org.springframework.test.context.web.ServletTestExecutionListener, org.springframework.test.context.support.DirtiesContextBeforeModesTestExecutionListener, org.springframework.test.context.support.DependencyInjectionTestExecutionListener, org.springframework.test.context.support.DirtiesContextTestExecutionListener, org.springframework.test.context.transaction.TransactionalTestExecutionListener, org.springframework.test.context.jdbc.SqlScriptsTestExecutionListener]
2019-04-14 22:59:03.754  INFO 17085 --- [    Test worker] o.s.t.c.s.DefaultTestContextBootstrapper : Using TestExecutionListeners: [org.springframework.test.context.web.ServletTestExecutionListener@76d3c600, org.springframework.test.context.support.DirtiesContextBeforeModesTestExecutionListener@56db240c, org.springframework.boot.test.mock.mockito.MockitoTestExecutionListener@43aec8a2, org.springframework.test.context.support.DependencyInjectionTestExecutionListener@22b6778b, org.springframework.test.context.support.DirtiesContextTestExecutionListener@4a3d561b, org.springframework.test.context.transaction.TransactionalTestExecutionListener@45c9e014, org.springframework.test.context.jdbc.SqlScriptsTestExecutionListener@7097dbd7, org.springframework.boot.test.autoconfigure.restdocs.RestDocsTestExecutionListener@610ce061, org.springframework.boot.test.autoconfigure.web.client.MockRestServiceServerResetTestExecutionListener@4121efd5, org.springframework.boot.test.autoconfigure.web.servlet.MockMvcPrintOnlyOnFailureTestExecutionListener@4be27ea5, org.springframework.boot.test.autoconfigure.web.servlet.WebDriverTestExecutionListener@5e54d6d, org.springframework.boot.test.mock.mockito.ResetMocksTestExecutionListener@3ecba58]
]]></system-out>
  <system-err><![CDATA[]]></system-err>
</testsuite>
