<?xml version="1.0" encoding="UTF-8"?>
<testsuite name="server.envy.me.userFoodTest.userFoodServiceTest" tests="1" skipped="0" failures="0" errors="0" timestamp="2019-04-14T20:59:04" hostname="Ilyas-MBP.Stieltjesweg.duwo.lan" time="0.131">
  <properties/>
  <testcase name="testGetListFoodByUserId" classname="server.envy.me.userFoodTest.userFoodServiceTest" time="0.131"/>
  <system-out><![CDATA[2019-04-14 22:59:04.174  INFO 17085 --- [    Test worker] .b.t.c.SpringBootTestContextBootstrapper : Neither @ContextConfiguration nor @ContextHierarchy found for test class [server.envy.me.userFoodTest.userFoodServiceTest], using SpringBootContextLoader
2019-04-14 22:59:04.176  INFO 17085 --- [    Test worker] o.s.t.c.support.AbstractContextLoader    : Could not detect default resource locations for test class [server.envy.me.userFoodTest.userFoodServiceTest]: no resource found for suffixes {-context.xml, Context.groovy}.
2019-04-14 22:59:04.176  INFO 17085 --- [    Test worker] t.c.s.AnnotationConfigContextLoaderUtils : Could not detect default configuration classes for test class [server.envy.me.userFoodTest.userFoodServiceTest]: userFoodServiceTest does not declare any static, non-private, non-final, nested classes annotated with @Configuration.
2019-04-14 22:59:04.196  INFO 17085 --- [    Test worker] .b.t.c.SpringBootTestContextBootstrapper : Found @SpringBootConfiguration server.ServerApplication for test class server.envy.me.userFoodTest.userFoodServiceTest
2019-04-14 22:59:04.197  INFO 17085 --- [    Test worker] .b.t.c.SpringBootTestContextBootstrapper : Loaded default TestExecutionListener class names from location [META-INF/spring.factories]: [org.springframework.boot.test.autoconfigure.restdocs.RestDocsTestExecutionListener, org.springframework.boot.test.autoconfigure.web.client.MockRestServiceServerResetTestExecutionListener, org.springframework.boot.test.autoconfigure.web.servlet.MockMvcPrintOnlyOnFailureTestExecutionListener, org.springframework.boot.test.autoconfigure.web.servlet.WebDriverTestExecutionListener, org.springframework.boot.test.mock.mockito.MockitoTestExecutionListener, org.springframework.boot.test.mock.mockito.ResetMocksTestExecutionListener, org.springframework.test.context.web.ServletTestExecutionListener, org.springframework.test.context.support.DirtiesContextBeforeModesTestExecutionListener, org.springframework.test.context.support.DependencyInjectionTestExecutionListener, org.springframework.test.context.support.DirtiesContextTestExecutionListener, org.springframework.test.context.transaction.TransactionalTestExecutionListener, org.springframework.test.context.jdbc.SqlScriptsTestExecutionListener]
2019-04-14 22:59:04.198  INFO 17085 --- [    Test worker] .b.t.c.SpringBootTestContextBootstrapper : Using TestExecutionListeners: [org.springframework.test.context.web.ServletTestExecutionListener@57402baf, org.springframework.test.context.support.DirtiesContextBeforeModesTestExecutionListener@e20d3a3, org.springframework.boot.test.mock.mockito.MockitoTestExecutionListener@2b7944f, org.springframework.boot.test.autoconfigure.SpringBootDependencyInjectionTestExecutionListener@6eab55e8, org.springframework.test.context.support.DirtiesContextTestExecutionListener@386016c1, org.springframework.test.context.transaction.TransactionalTestExecutionListener@305577a5, org.springframework.test.context.jdbc.SqlScriptsTestExecutionListener@efe880c, org.springframework.boot.test.autoconfigure.restdocs.RestDocsTestExecutionListener@3ace882e, org.springframework.boot.test.autoconfigure.web.client.MockRestServiceServerResetTestExecutionListener@2a057a8, org.springframework.boot.test.autoconfigure.web.servlet.MockMvcPrintOnlyOnFailureTestExecutionListener@19d3e006, org.springframework.boot.test.autoconfigure.web.servlet.WebDriverTestExecutionListener@6317a5d8, org.springframework.boot.test.mock.mockito.ResetMocksTestExecutionListener@2d56ce6c]
]]></system-out>
  <system-err><![CDATA[]]></system-err>
</testsuite>
