<?xml version="1.0" encoding="UTF-8"?>
<testsuite name="server.envy.me.userLoginTest.LoginClassTest" tests="7" skipped="0" failures="0" errors="0" timestamp="2019-04-14T20:59:05" hostname="Ilyas-MBP.Stieltjesweg.duwo.lan" time="0.001">
  <properties/>
  <testcase name="getAll" classname="server.envy.me.userLoginTest.LoginClassTest" time="0.0"/>
  <testcase name="setPassword" classname="server.envy.me.userLoginTest.LoginClassTest" time="0.0"/>
  <testcase name="getPassword" classname="server.envy.me.userLoginTest.LoginClassTest" time="0.0"/>
  <testcase name="getId" classname="server.envy.me.userLoginTest.LoginClassTest" time="0.0"/>
  <testcase name="setId" classname="server.envy.me.userLoginTest.LoginClassTest" time="0.001"/>
  <testcase name="setUsername" classname="server.envy.me.userLoginTest.LoginClassTest" time="0.0"/>
  <testcase name="getUsername" classname="server.envy.me.userLoginTest.LoginClassTest" time="0.0"/>
  <system-out><![CDATA[]]></system-out>
  <system-err><![CDATA[]]></system-err>
</testsuite>
