<?xml version="1.0" encoding="UTF-8"?>
<testsuite name="server.envy.me.userFriendsTest.userFriendsServiceMockito" tests="6" skipped="0" failures="0" errors="0" timestamp="2019-04-14T20:59:04" hostname="Ilyas-MBP.Stieltjesweg.duwo.lan" time="0.018">
  <properties/>
  <testcase name="testGetListOneFriend" classname="server.envy.me.userFriendsTest.userFriendsServiceMockito" time="0.002"/>
  <testcase name="testGetListOneFriendUserId2" classname="server.envy.me.userFriendsTest.userFriendsServiceMockito" time="0.002"/>
  <testcase name="testGetListNoFriends" classname="server.envy.me.userFriendsTest.userFriendsServiceMockito" time="0.002"/>
  <testcase name="testGetByValidInputs" classname="server.envy.me.userFriendsTest.userFriendsServiceMockito" time="0.002"/>
  <testcase name="testGetByInvalidInputs" classname="server.envy.me.userFriendsTest.userFriendsServiceMockito" time="0.001"/>
  <testcase name="testGetListFriends" classname="server.envy.me.userFriendsTest.userFriendsServiceMockito" time="0.002"/>
  <system-out><![CDATA[2019-04-14 22:59:04.109  INFO 17085 --- [    Test worker] o.s.t.c.s.DefaultTestContextBootstrapper : Neither @ContextConfiguration nor @ContextHierarchy found for test class [server.envy.me.userFriendsTest.userFriendsServiceMockito], using DelegatingSmartContextLoader
2019-04-14 22:59:04.110  INFO 17085 --- [    Test worker] o.s.t.c.support.AbstractContextLoader    : Could not detect default resource locations for test class [server.envy.me.userFriendsTest.userFriendsServiceMockito]: no resource found for suffixes {-context.xml}.
2019-04-14 22:59:04.110  INFO 17085 --- [    Test worker] t.c.s.AnnotationConfigContextLoaderUtils : Could not detect default configuration classes for test class [server.envy.me.userFriendsTest.userFriendsServiceMockito]: userFriendsServiceMockito does not declare any static, non-private, non-final, nested classes annotated with @Configuration.
2019-04-14 22:59:04.111  INFO 17085 --- [    Test worker] o.s.t.c.s.DefaultTestContextBootstrapper : Loaded default TestExecutionListener class names from location [META-INF/spring.factories]: [org.springframework.boot.test.autoconfigure.restdocs.RestDocsTestExecutionListener, org.springframework.boot.test.autoconfigure.web.client.MockRestServiceServerResetTestExecutionListener, org.springframework.boot.test.autoconfigure.web.servlet.MockMvcPrintOnlyOnFailureTestExecutionListener, org.springframework.boot.test.autoconfigure.web.servlet.WebDriverTestExecutionListener, org.springframework.boot.test.mock.mockito.MockitoTestExecutionListener, org.springframework.boot.test.mock.mockito.ResetMocksTestExecutionListener, org.springframework.test.context.web.ServletTestExecutionListener, org.springframework.test.context.support.DirtiesContextBeforeModesTestExecutionListener, org.springframework.test.context.support.DependencyInjectionTestExecutionListener, org.springframework.test.context.support.DirtiesContextTestExecutionListener, org.springframework.test.context.transaction.TransactionalTestExecutionListener, org.springframework.test.context.jdbc.SqlScriptsTestExecutionListener]
2019-04-14 22:59:04.112  INFO 17085 --- [    Test worker] o.s.t.c.s.DefaultTestContextBootstrapper : Using TestExecutionListeners: [org.springframework.test.context.web.ServletTestExecutionListener@dfca004, org.springframework.test.context.support.DirtiesContextBeforeModesTestExecutionListener@7391377c, org.springframework.boot.test.mock.mockito.MockitoTestExecutionListener@700fe8ee, org.springframework.test.context.support.DependencyInjectionTestExecutionListener@7e4eb7fe, org.springframework.test.context.support.DirtiesContextTestExecutionListener@16dac4b3, org.springframework.test.context.transaction.TransactionalTestExecutionListener@6c0a3bc3, org.springframework.test.context.jdbc.SqlScriptsTestExecutionListener@63cdf634, org.springframework.boot.test.autoconfigure.restdocs.RestDocsTestExecutionListener@68374cf4, org.springframework.boot.test.autoconfigure.web.client.MockRestServiceServerResetTestExecutionListener@2808e21d, org.springframework.boot.test.autoconfigure.web.servlet.MockMvcPrintOnlyOnFailureTestExecutionListener@156100fc, org.springframework.boot.test.autoconfigure.web.servlet.WebDriverTestExecutionListener@19112832, org.springframework.boot.test.mock.mockito.ResetMocksTestExecutionListener@4b939708]
]]></system-out>
  <system-err><![CDATA[]]></system-err>
</testsuite>
