<?xml version="1.0" encoding="UTF-8"?>
<testsuite name="server.envy.me.TripClassTest.TripClassMockito" tests="15" skipped="0" failures="0" errors="0" timestamp="2019-04-14T20:59:03" hostname="Ilyas-MBP.Stieltjesweg.duwo.lan" time="0.42">
  <properties/>
  <testcase name="testStoreTripTypeCarValidZeroDistance" classname="server.envy.me.TripClassTest.TripClassMockito" time="0.033"/>
  <testcase name="testStoreTripNotTypeCar" classname="server.envy.me.TripClassTest.TripClassMockito" time="0.025"/>
  <testcase name="testStoreTripTypeBikeWalkValid" classname="server.envy.me.TripClassTest.TripClassMockito" time="0.031"/>
  <testcase name="testDeleteValidTrip" classname="server.envy.me.TripClassTest.TripClassMockito" time="0.021"/>
  <testcase name="testStoreTripTypePubTransValid" classname="server.envy.me.TripClassTest.TripClassMockito" time="0.026"/>
  <testcase name="testStoreTripTypeBikeInValid" classname="server.envy.me.TripClassTest.TripClassMockito" time="0.024"/>
  <testcase name="testStoreTripTypePlaneValid" classname="server.envy.me.TripClassTest.TripClassMockito" time="0.028"/>
  <testcase name="testStoreTripTypeCarInDataBaseButOwnerDoesNotCorrespond" classname="server.envy.me.TripClassTest.TripClassMockito" time="0.024"/>
  <testcase name="testGetTripsInvalidUser" classname="server.envy.me.TripClassTest.TripClassMockito" time="0.025"/>
  <testcase name="testStoreTripTypeCarNotInDataBase" classname="server.envy.me.TripClassTest.TripClassMockito" time="0.029"/>
  <testcase name="testGetTripsValidUser" classname="server.envy.me.TripClassTest.TripClassMockito" time="0.027"/>
  <testcase name="testDeleteInvalidTrip" classname="server.envy.me.TripClassTest.TripClassMockito" time="0.021"/>
  <testcase name="testStoreTripTypeCarInvalid" classname="server.envy.me.TripClassTest.TripClassMockito" time="0.022"/>
  <testcase name="testStoreTripInvalidUser" classname="server.envy.me.TripClassTest.TripClassMockito" time="0.026"/>
  <testcase name="testStoreTripTypeCarValid" classname="server.envy.me.TripClassTest.TripClassMockito" time="0.022"/>
  <system-out><![CDATA[2019-04-14 22:59:03.152  INFO 17085 --- [    Test worker] o.s.t.c.s.DefaultTestContextBootstrapper : Neither @ContextConfiguration nor @ContextHierarchy found for test class [server.envy.me.TripClassTest.TripClassMockito], using DelegatingSmartContextLoader
2019-04-14 22:59:03.152  INFO 17085 --- [    Test worker] o.s.t.c.support.AbstractContextLoader    : Could not detect default resource locations for test class [server.envy.me.TripClassTest.TripClassMockito]: no resource found for suffixes {-context.xml}.
2019-04-14 22:59:03.153  INFO 17085 --- [    Test worker] t.c.s.AnnotationConfigContextLoaderUtils : Could not detect default configuration classes for test class [server.envy.me.TripClassTest.TripClassMockito]: TripClassMockito does not declare any static, non-private, non-final, nested classes annotated with @Configuration.
2019-04-14 22:59:03.154  INFO 17085 --- [    Test worker] o.s.t.c.s.DefaultTestContextBootstrapper : Loaded default TestExecutionListener class names from location [META-INF/spring.factories]: [org.springframework.boot.test.autoconfigure.restdocs.RestDocsTestExecutionListener, org.springframework.boot.test.autoconfigure.web.client.MockRestServiceServerResetTestExecutionListener, org.springframework.boot.test.autoconfigure.web.servlet.MockMvcPrintOnlyOnFailureTestExecutionListener, org.springframework.boot.test.autoconfigure.web.servlet.WebDriverTestExecutionListener, org.springframework.boot.test.mock.mockito.MockitoTestExecutionListener, org.springframework.boot.test.mock.mockito.ResetMocksTestExecutionListener, org.springframework.test.context.web.ServletTestExecutionListener, org.springframework.test.context.support.DirtiesContextBeforeModesTestExecutionListener, org.springframework.test.context.support.DependencyInjectionTestExecutionListener, org.springframework.test.context.support.DirtiesContextTestExecutionListener, org.springframework.test.context.transaction.TransactionalTestExecutionListener, org.springframework.test.context.jdbc.SqlScriptsTestExecutionListener]
2019-04-14 22:59:03.155  INFO 17085 --- [    Test worker] o.s.t.c.s.DefaultTestContextBootstrapper : Using TestExecutionListeners: [org.springframework.test.context.web.ServletTestExecutionListener@3c927b5c, org.springframework.test.context.support.DirtiesContextBeforeModesTestExecutionListener@7ff291c, org.springframework.boot.test.mock.mockito.MockitoTestExecutionListener@2ea647ec, org.springframework.test.context.support.DependencyInjectionTestExecutionListener@7cd0ac04, org.springframework.test.context.support.DirtiesContextTestExecutionListener@53b77059, org.springframework.test.context.transaction.TransactionalTestExecutionListener@2dfe04fa, org.springframework.test.context.jdbc.SqlScriptsTestExecutionListener@31fbaf8e, org.springframework.boot.test.autoconfigure.restdocs.RestDocsTestExecutionListener@48b29539, org.springframework.boot.test.autoconfigure.web.client.MockRestServiceServerResetTestExecutionListener@206f01ce, org.springframework.boot.test.autoconfigure.web.servlet.MockMvcPrintOnlyOnFailureTestExecutionListener@7deb08ed, org.springframework.boot.test.autoconfigure.web.servlet.WebDriverTestExecutionListener@11805f01, org.springframework.boot.test.mock.mockito.ResetMocksTestExecutionListener@4dc70b55]
2019-04-14 22:59:03.303  INFO 17085 --- [    Test worker] o.s.mock.web.MockServletContext          : Initializing Spring TestDispatcherServlet ''
2019-04-14 22:59:03.303  INFO 17085 --- [    Test worker] o.s.t.web.servlet.TestDispatcherServlet  : Initializing Servlet ''
2019-04-14 22:59:03.304  INFO 17085 --- [    Test worker] o.s.t.web.servlet.TestDispatcherServlet  : Completed initialization in 1 ms
{"id":0,"type":"Car","source":"Paris","destination":"Milan","distance":0.0,"date":null,"carId":1}
1
Reached Here
2019-04-14 22:59:03.340  INFO 17085 --- [    Test worker] o.s.mock.web.MockServletContext          : Initializing Spring TestDispatcherServlet ''
2019-04-14 22:59:03.340  INFO 17085 --- [    Test worker] o.s.t.web.servlet.TestDispatcherServlet  : Initializing Servlet ''
2019-04-14 22:59:03.341  INFO 17085 --- [    Test worker] o.s.t.web.servlet.TestDispatcherServlet  : Completed initialization in 1 ms
No Car Trip
0
17
2019-04-14 22:59:03.370  INFO 17085 --- [    Test worker] o.s.mock.web.MockServletContext          : Initializing Spring TestDispatcherServlet ''
2019-04-14 22:59:03.371  INFO 17085 --- [    Test worker] o.s.t.web.servlet.TestDispatcherServlet  : Initializing Servlet ''
2019-04-14 22:59:03.372  INFO 17085 --- [    Test worker] o.s.t.web.servlet.TestDispatcherServlet  : Completed initialization in 0 ms
No Car Trip
0
0
2019-04-14 22:59:03.402  INFO 17085 --- [    Test worker] o.s.mock.web.MockServletContext          : Initializing Spring TestDispatcherServlet ''
2019-04-14 22:59:03.402  INFO 17085 --- [    Test worker] o.s.t.web.servlet.TestDispatcherServlet  : Initializing Servlet ''
2019-04-14 22:59:03.402  INFO 17085 --- [    Test worker] o.s.t.web.servlet.TestDispatcherServlet  : Completed initialization in 0 ms
server.envy.me.trip.TripClass@4a7855ff2019-04-14 22:59:03.426  INFO 17085 --- [    Test worker] o.s.mock.web.MockServletContext          : Initializing Spring TestDispatcherServlet ''
2019-04-14 22:59:03.426  INFO 17085 --- [    Test worker] o.s.t.web.servlet.TestDispatcherServlet  : Initializing Servlet ''
2019-04-14 22:59:03.426  INFO 17085 --- [    Test worker] o.s.t.web.servlet.TestDispatcherServlet  : Completed initialization in 0 ms
No Car Trip
0
0
2019-04-14 22:59:03.453  INFO 17085 --- [    Test worker] o.s.mock.web.MockServletContext          : Initializing Spring TestDispatcherServlet ''
2019-04-14 22:59:03.453  INFO 17085 --- [    Test worker] o.s.t.web.servlet.TestDispatcherServlet  : Initializing Servlet ''
2019-04-14 22:59:03.453  INFO 17085 --- [    Test worker] o.s.t.web.servlet.TestDispatcherServlet  : Completed initialization in 0 ms
No Car Trip
0
0
2019-04-14 22:59:03.484  INFO 17085 --- [    Test worker] o.s.mock.web.MockServletContext          : Initializing Spring TestDispatcherServlet ''
2019-04-14 22:59:03.484  INFO 17085 --- [    Test worker] o.s.t.web.servlet.TestDispatcherServlet  : Initializing Servlet ''
2019-04-14 22:59:03.484  INFO 17085 --- [    Test worker] o.s.t.web.servlet.TestDispatcherServlet  : Completed initialization in 0 ms
No Car Trip
0
0
2019-04-14 22:59:03.511  INFO 17085 --- [    Test worker] o.s.mock.web.MockServletContext          : Initializing Spring TestDispatcherServlet ''
2019-04-14 22:59:03.511  INFO 17085 --- [    Test worker] o.s.t.web.servlet.TestDispatcherServlet  : Initializing Servlet ''
2019-04-14 22:59:03.511  INFO 17085 --- [    Test worker] o.s.t.web.servlet.TestDispatcherServlet  : Completed initialization in 0 ms
1
Car Transportation Error...
2019-04-14 22:59:03.537  INFO 17085 --- [    Test worker] o.s.mock.web.MockServletContext          : Initializing Spring TestDispatcherServlet ''
2019-04-14 22:59:03.538  INFO 17085 --- [    Test worker] o.s.t.web.servlet.TestDispatcherServlet  : Initializing Servlet ''
2019-04-14 22:59:03.538  INFO 17085 --- [    Test worker] o.s.t.web.servlet.TestDispatcherServlet  : Completed initialization in 0 ms
2019-04-14 22:59:03.567  INFO 17085 --- [    Test worker] o.s.mock.web.MockServletContext          : Initializing Spring TestDispatcherServlet ''
2019-04-14 22:59:03.567  INFO 17085 --- [    Test worker] o.s.t.web.servlet.TestDispatcherServlet  : Initializing Servlet ''
2019-04-14 22:59:03.567  INFO 17085 --- [    Test worker] o.s.t.web.servlet.TestDispatcherServlet  : Completed initialization in 0 ms
1
Car Transportation Error...
2019-04-14 22:59:03.599  INFO 17085 --- [    Test worker] o.s.mock.web.MockServletContext          : Initializing Spring TestDispatcherServlet ''
2019-04-14 22:59:03.600  INFO 17085 --- [    Test worker] o.s.t.web.servlet.TestDispatcherServlet  : Initializing Servlet ''
2019-04-14 22:59:03.600  INFO 17085 --- [    Test worker] o.s.t.web.servlet.TestDispatcherServlet  : Completed initialization in 0 ms
2019-04-14 22:59:03.625  INFO 17085 --- [    Test worker] o.s.mock.web.MockServletContext          : Initializing Spring TestDispatcherServlet ''
2019-04-14 22:59:03.625  INFO 17085 --- [    Test worker] o.s.t.web.servlet.TestDispatcherServlet  : Initializing Servlet ''
2019-04-14 22:59:03.625  INFO 17085 --- [    Test worker] o.s.t.web.servlet.TestDispatcherServlet  : Completed initialization in 0 ms
null2019-04-14 22:59:03.647  INFO 17085 --- [    Test worker] o.s.mock.web.MockServletContext          : Initializing Spring TestDispatcherServlet ''
2019-04-14 22:59:03.648  INFO 17085 --- [    Test worker] o.s.t.web.servlet.TestDispatcherServlet  : Initializing Servlet ''
2019-04-14 22:59:03.648  INFO 17085 --- [    Test worker] o.s.t.web.servlet.TestDispatcherServlet  : Completed initialization in 0 ms
No Car Trip
Car Transportation Error...
2019-04-14 22:59:03.674  INFO 17085 --- [    Test worker] o.s.mock.web.MockServletContext          : Initializing Spring TestDispatcherServlet ''
2019-04-14 22:59:03.675  INFO 17085 --- [    Test worker] o.s.t.web.servlet.TestDispatcherServlet  : Initializing Servlet ''
2019-04-14 22:59:03.675  INFO 17085 --- [    Test worker] o.s.t.web.servlet.TestDispatcherServlet  : Completed initialization in 0 ms
No Car Trip
2019-04-14 22:59:03.701  INFO 17085 --- [    Test worker] o.s.mock.web.MockServletContext          : Initializing Spring TestDispatcherServlet ''
2019-04-14 22:59:03.701  INFO 17085 --- [    Test worker] o.s.t.web.servlet.TestDispatcherServlet  : Initializing Servlet ''
2019-04-14 22:59:03.701  INFO 17085 --- [    Test worker] o.s.t.web.servlet.TestDispatcherServlet  : Completed initialization in 0 ms
1
Reached Here
]]></system-out>
  <system-err><![CDATA[]]></system-err>
</testsuite>
