<?xml version="1.0" encoding="UTF-8"?>
<testsuite name="server.envy.me.CarClassTest.CarServiceTest" tests="5" skipped="0" failures="0" errors="0" timestamp="2019-04-14T20:59:04" hostname="Ilyas-MBP.Stieltjesweg.duwo.lan" time="0.013">
  <properties/>
  <testcase name="testGetListEmpty" classname="server.envy.me.CarClassTest.CarServiceTest" time="0.002"/>
  <testcase name="testGetListNotEmpty" classname="server.envy.me.CarClassTest.CarServiceTest" time="0.002"/>
  <testcase name="testExistingCar" classname="server.envy.me.CarClassTest.CarServiceTest" time="0.001"/>
  <testcase name="testGetListDifferentUsers" classname="server.envy.me.CarClassTest.CarServiceTest" time="0.002"/>
  <testcase name="testNotExistingCar" classname="server.envy.me.CarClassTest.CarServiceTest" time="0.001"/>
  <system-out><![CDATA[2019-04-14 22:59:04.138  INFO 17085 --- [    Test worker] o.s.t.c.s.DefaultTestContextBootstrapper : Neither @ContextConfiguration nor @ContextHierarchy found for test class [server.envy.me.CarClassTest.CarServiceTest], using DelegatingSmartContextLoader
2019-04-14 22:59:04.139  INFO 17085 --- [    Test worker] o.s.t.c.support.AbstractContextLoader    : Could not detect default resource locations for test class [server.envy.me.CarClassTest.CarServiceTest]: no resource found for suffixes {-context.xml}.
2019-04-14 22:59:04.139  INFO 17085 --- [    Test worker] t.c.s.AnnotationConfigContextLoaderUtils : Could not detect default configuration classes for test class [server.envy.me.CarClassTest.CarServiceTest]: CarServiceTest does not declare any static, non-private, non-final, nested classes annotated with @Configuration.
2019-04-14 22:59:04.140  INFO 17085 --- [    Test worker] o.s.t.c.s.DefaultTestContextBootstrapper : Loaded default TestExecutionListener class names from location [META-INF/spring.factories]: [org.springframework.boot.test.autoconfigure.restdocs.RestDocsTestExecutionListener, org.springframework.boot.test.autoconfigure.web.client.MockRestServiceServerResetTestExecutionListener, org.springframework.boot.test.autoconfigure.web.servlet.MockMvcPrintOnlyOnFailureTestExecutionListener, org.springframework.boot.test.autoconfigure.web.servlet.WebDriverTestExecutionListener, org.springframework.boot.test.mock.mockito.MockitoTestExecutionListener, org.springframework.boot.test.mock.mockito.ResetMocksTestExecutionListener, org.springframework.test.context.web.ServletTestExecutionListener, org.springframework.test.context.support.DirtiesContextBeforeModesTestExecutionListener, org.springframework.test.context.support.DependencyInjectionTestExecutionListener, org.springframework.test.context.support.DirtiesContextTestExecutionListener, org.springframework.test.context.transaction.TransactionalTestExecutionListener, org.springframework.test.context.jdbc.SqlScriptsTestExecutionListener]
2019-04-14 22:59:04.141  INFO 17085 --- [    Test worker] o.s.t.c.s.DefaultTestContextBootstrapper : Using TestExecutionListeners: [org.springframework.test.context.web.ServletTestExecutionListener@675de4ab, org.springframework.test.context.support.DirtiesContextBeforeModesTestExecutionListener@4f5ed271, org.springframework.boot.test.mock.mockito.MockitoTestExecutionListener@d4513a8, org.springframework.test.context.support.DependencyInjectionTestExecutionListener@7b76cc55, org.springframework.test.context.support.DirtiesContextTestExecutionListener@7306172c, org.springframework.test.context.transaction.TransactionalTestExecutionListener@4af29e67, org.springframework.test.context.jdbc.SqlScriptsTestExecutionListener@6f8f0cc2, org.springframework.boot.test.autoconfigure.restdocs.RestDocsTestExecutionListener@22d67102, org.springframework.boot.test.autoconfigure.web.client.MockRestServiceServerResetTestExecutionListener@61aabd03, org.springframework.boot.test.autoconfigure.web.servlet.MockMvcPrintOnlyOnFailureTestExecutionListener@3ff506f7, org.springframework.boot.test.autoconfigure.web.servlet.WebDriverTestExecutionListener@280be4d7, org.springframework.boot.test.mock.mockito.ResetMocksTestExecutionListener@39c4ceb5]
]]></system-out>
  <system-err><![CDATA[]]></system-err>
</testsuite>
