<?xml version="1.0" encoding="UTF-8"?>
<testsuite name="server.envy.me.CarClassTest.CarClassTest" tests="6" skipped="0" failures="0" errors="0" timestamp="2019-04-14T20:59:04" hostname="Ilyas-MBP.Stieltjesweg.duwo.lan" time="0.001">
  <properties/>
  <testcase name="getMpg" classname="server.envy.me.CarClassTest.CarClassTest" time="0.0"/>
  <testcase name="setMpg" classname="server.envy.me.CarClassTest.CarClassTest" time="0.0"/>
  <testcase name="getType" classname="server.envy.me.CarClassTest.CarClassTest" time="0.0"/>
  <testcase name="getId" classname="server.envy.me.CarClassTest.CarClassTest" time="0.0"/>
  <testcase name="setId" classname="server.envy.me.CarClassTest.CarClassTest" time="0.0"/>
  <testcase name="setType" classname="server.envy.me.CarClassTest.CarClassTest" time="0.001"/>
  <system-out><![CDATA[]]></system-out>
  <system-err><![CDATA[]]></system-err>
</testsuite>
