<?xml version="1.0" encoding="UTF-8"?>
<testsuite name="server.envy.me.AchievementsTest.UserAchievementServiceMock" tests="4" skipped="0" failures="0" errors="0" timestamp="2019-04-14T20:59:04" hostname="Ilyas-MBP.Stieltjesweg.duwo.lan" time="0.01">
  <properties/>
  <testcase name="testGetAchievementsByUserIdEmpty" classname="server.envy.me.AchievementsTest.UserAchievementServiceMock" time="0.002"/>
  <testcase name="testGetAchievementsByUserIdNotEmptyFindAll" classname="server.envy.me.AchievementsTest.UserAchievementServiceMock" time="0.002"/>
  <testcase name="testGetAchievementsByUserIdNotEmptyFindOne" classname="server.envy.me.AchievementsTest.UserAchievementServiceMock" time="0.001"/>
  <testcase name="testGetAchievementsByUserIdFindMultiple" classname="server.envy.me.AchievementsTest.UserAchievementServiceMock" time="0.002"/>
  <system-out><![CDATA[2019-04-14 22:59:04.337  INFO 17085 --- [    Test worker] o.s.t.c.s.DefaultTestContextBootstrapper : Neither @ContextConfiguration nor @ContextHierarchy found for test class [server.envy.me.AchievementsTest.UserAchievementServiceMock], using DelegatingSmartContextLoader
2019-04-14 22:59:04.337  INFO 17085 --- [    Test worker] o.s.t.c.support.AbstractContextLoader    : Could not detect default resource locations for test class [server.envy.me.AchievementsTest.UserAchievementServiceMock]: no resource found for suffixes {-context.xml}.
2019-04-14 22:59:04.338  INFO 17085 --- [    Test worker] t.c.s.AnnotationConfigContextLoaderUtils : Could not detect default configuration classes for test class [server.envy.me.AchievementsTest.UserAchievementServiceMock]: UserAchievementServiceMock does not declare any static, non-private, non-final, nested classes annotated with @Configuration.
2019-04-14 22:59:04.339  INFO 17085 --- [    Test worker] o.s.t.c.s.DefaultTestContextBootstrapper : Loaded default TestExecutionListener class names from location [META-INF/spring.factories]: [org.springframework.boot.test.autoconfigure.restdocs.RestDocsTestExecutionListener, org.springframework.boot.test.autoconfigure.web.client.MockRestServiceServerResetTestExecutionListener, org.springframework.boot.test.autoconfigure.web.servlet.MockMvcPrintOnlyOnFailureTestExecutionListener, org.springframework.boot.test.autoconfigure.web.servlet.WebDriverTestExecutionListener, org.springframework.boot.test.mock.mockito.MockitoTestExecutionListener, org.springframework.boot.test.mock.mockito.ResetMocksTestExecutionListener, org.springframework.test.context.web.ServletTestExecutionListener, org.springframework.test.context.support.DirtiesContextBeforeModesTestExecutionListener, org.springframework.test.context.support.DependencyInjectionTestExecutionListener, org.springframework.test.context.support.DirtiesContextTestExecutionListener, org.springframework.test.context.transaction.TransactionalTestExecutionListener, org.springframework.test.context.jdbc.SqlScriptsTestExecutionListener]
2019-04-14 22:59:04.339  INFO 17085 --- [    Test worker] o.s.t.c.s.DefaultTestContextBootstrapper : Using TestExecutionListeners: [org.springframework.test.context.web.ServletTestExecutionListener@5a037395, org.springframework.test.context.support.DirtiesContextBeforeModesTestExecutionListener@750ee6a2, org.springframework.boot.test.mock.mockito.MockitoTestExecutionListener@7e101d46, org.springframework.test.context.support.DependencyInjectionTestExecutionListener@639b4be8, org.springframework.test.context.support.DirtiesContextTestExecutionListener@224513d5, org.springframework.test.context.transaction.TransactionalTestExecutionListener@20fccac9, org.springframework.test.context.jdbc.SqlScriptsTestExecutionListener@5e7819bd, org.springframework.boot.test.autoconfigure.restdocs.RestDocsTestExecutionListener@6785dd91, org.springframework.boot.test.autoconfigure.web.client.MockRestServiceServerResetTestExecutionListener@6dd4b10f, org.springframework.boot.test.autoconfigure.web.servlet.MockMvcPrintOnlyOnFailureTestExecutionListener@2bb884fe, org.springframework.boot.test.autoconfigure.web.servlet.WebDriverTestExecutionListener@3593c5c5, org.springframework.boot.test.mock.mockito.ResetMocksTestExecutionListener@7cb3efb3]
]]></system-out>
  <system-err><![CDATA[]]></system-err>
</testsuite>
