<?xml version="1.0" encoding="UTF-8"?>
<testsuite name="server.envy.me.BadgesClassTest.UserBadgesServiceMockito" tests="4" skipped="0" failures="0" errors="0" timestamp="2019-04-14T20:59:05" hostname="Ilyas-MBP.Stieltjesweg.duwo.lan" time="0.009">
  <properties/>
  <testcase name="testGetAchievementsByUserIdEmpty" classname="server.envy.me.BadgesClassTest.UserBadgesServiceMockito" time="0.001"/>
  <testcase name="testGetAchievementsByUserIdNotEmptyFindAll" classname="server.envy.me.BadgesClassTest.UserBadgesServiceMockito" time="0.002"/>
  <testcase name="testGetAchievementsByUserIdNotEmptyFindOne" classname="server.envy.me.BadgesClassTest.UserBadgesServiceMockito" time="0.002"/>
  <testcase name="testGetAchievementsByUserIdFindMultiple" classname="server.envy.me.BadgesClassTest.UserBadgesServiceMockito" time="0.001"/>
  <system-out><![CDATA[2019-04-14 22:59:05.087  INFO 17085 --- [    Test worker] o.s.t.c.s.DefaultTestContextBootstrapper : Neither @ContextConfiguration nor @ContextHierarchy found for test class [server.envy.me.BadgesClassTest.UserBadgesServiceMockito], using DelegatingSmartContextLoader
2019-04-14 22:59:05.087  INFO 17085 --- [    Test worker] o.s.t.c.support.AbstractContextLoader    : Could not detect default resource locations for test class [server.envy.me.BadgesClassTest.UserBadgesServiceMockito]: no resource found for suffixes {-context.xml}.
2019-04-14 22:59:05.087  INFO 17085 --- [    Test worker] t.c.s.AnnotationConfigContextLoaderUtils : Could not detect default configuration classes for test class [server.envy.me.BadgesClassTest.UserBadgesServiceMockito]: UserBadgesServiceMockito does not declare any static, non-private, non-final, nested classes annotated with @Configuration.
2019-04-14 22:59:05.088  INFO 17085 --- [    Test worker] o.s.t.c.s.DefaultTestContextBootstrapper : Loaded default TestExecutionListener class names from location [META-INF/spring.factories]: [org.springframework.boot.test.autoconfigure.restdocs.RestDocsTestExecutionListener, org.springframework.boot.test.autoconfigure.web.client.MockRestServiceServerResetTestExecutionListener, org.springframework.boot.test.autoconfigure.web.servlet.MockMvcPrintOnlyOnFailureTestExecutionListener, org.springframework.boot.test.autoconfigure.web.servlet.WebDriverTestExecutionListener, org.springframework.boot.test.mock.mockito.MockitoTestExecutionListener, org.springframework.boot.test.mock.mockito.ResetMocksTestExecutionListener, org.springframework.test.context.web.ServletTestExecutionListener, org.springframework.test.context.support.DirtiesContextBeforeModesTestExecutionListener, org.springframework.test.context.support.DependencyInjectionTestExecutionListener, org.springframework.test.context.support.DirtiesContextTestExecutionListener, org.springframework.test.context.transaction.TransactionalTestExecutionListener, org.springframework.test.context.jdbc.SqlScriptsTestExecutionListener]
2019-04-14 22:59:05.089  INFO 17085 --- [    Test worker] o.s.t.c.s.DefaultTestContextBootstrapper : Using TestExecutionListeners: [org.springframework.test.context.web.ServletTestExecutionListener@22a1f67b, org.springframework.test.context.support.DirtiesContextBeforeModesTestExecutionListener@43d5e76, org.springframework.boot.test.mock.mockito.MockitoTestExecutionListener@679deba1, org.springframework.test.context.support.DependencyInjectionTestExecutionListener@414c78c1, org.springframework.test.context.support.DirtiesContextTestExecutionListener@6c734cbd, org.springframework.test.context.transaction.TransactionalTestExecutionListener@2d361ab, org.springframework.test.context.jdbc.SqlScriptsTestExecutionListener@a1b42b3, org.springframework.boot.test.autoconfigure.restdocs.RestDocsTestExecutionListener@28b3b941, org.springframework.boot.test.autoconfigure.web.client.MockRestServiceServerResetTestExecutionListener@5e530e4e, org.springframework.boot.test.autoconfigure.web.servlet.MockMvcPrintOnlyOnFailureTestExecutionListener@4714f216, org.springframework.boot.test.autoconfigure.web.servlet.WebDriverTestExecutionListener@17ca2e9d, org.springframework.boot.test.mock.mockito.ResetMocksTestExecutionListener@2206f494]
]]></system-out>
  <system-err><![CDATA[]]></system-err>
</testsuite>
