<?xml version="1.0" encoding="UTF-8"?>
<testsuite name="server.envy.me.userFoodTest.FoodClassTest" tests="26" skipped="0" failures="0" errors="0" timestamp="2019-04-14T20:59:04" hostname="Ilyas-MBP.Stieltjesweg.duwo.lan" time="0.005">
  <properties/>
  <testcase name="setVeggies" classname="server.envy.me.userFoodTest.FoodClassTest" time="0.0"/>
  <testcase name="isCooked" classname="server.envy.me.userFoodTest.FoodClassTest" time="0.0"/>
  <testcase name="setMeatAlt" classname="server.envy.me.userFoodTest.FoodClassTest" time="0.0"/>
  <testcase name="getDate" classname="server.envy.me.userFoodTest.FoodClassTest" time="0.0"/>
  <testcase name="getEggs" classname="server.envy.me.userFoodTest.FoodClassTest" time="0.0"/>
  <testcase name="getFish" classname="server.envy.me.userFoodTest.FoodClassTest" time="0.0"/>
  <testcase name="getMeat" classname="server.envy.me.userFoodTest.FoodClassTest" time="0.0"/>
  <testcase name="getType" classname="server.envy.me.userFoodTest.FoodClassTest" time="0.0"/>
  <testcase name="getId" classname="server.envy.me.userFoodTest.FoodClassTest" time="0.0"/>
  <testcase name="setId" classname="server.envy.me.userFoodTest.FoodClassTest" time="0.0"/>
  <testcase name="setCooked" classname="server.envy.me.userFoodTest.FoodClassTest" time="0.0"/>
  <testcase name="setGrains" classname="server.envy.me.userFoodTest.FoodClassTest" time="0.0"/>
  <testcase name="getGrains" classname="server.envy.me.userFoodTest.FoodClassTest" time="0.0"/>
  <testcase name="setSnacks" classname="server.envy.me.userFoodTest.FoodClassTest" time="0.0"/>
  <testcase name="getSnacks" classname="server.envy.me.userFoodTest.FoodClassTest" time="0.0"/>
  <testcase name="getVeggies" classname="server.envy.me.userFoodTest.FoodClassTest" time="0.0"/>
  <testcase name="setDairy" classname="server.envy.me.userFoodTest.FoodClassTest" time="0.001"/>
  <testcase name="setLocal" classname="server.envy.me.userFoodTest.FoodClassTest" time="0.0"/>
  <testcase name="getDairy" classname="server.envy.me.userFoodTest.FoodClassTest" time="0.0"/>
  <testcase name="getMeatAlt" classname="server.envy.me.userFoodTest.FoodClassTest" time="0.0"/>
  <testcase name="setDate" classname="server.envy.me.userFoodTest.FoodClassTest" time="0.0"/>
  <testcase name="setEggs" classname="server.envy.me.userFoodTest.FoodClassTest" time="0.001"/>
  <testcase name="setFish" classname="server.envy.me.userFoodTest.FoodClassTest" time="0.0"/>
  <testcase name="setMeat" classname="server.envy.me.userFoodTest.FoodClassTest" time="0.0"/>
  <testcase name="setType" classname="server.envy.me.userFoodTest.FoodClassTest" time="0.0"/>
  <testcase name="isLocal" classname="server.envy.me.userFoodTest.FoodClassTest" time="0.0"/>
  <system-out><![CDATA[]]></system-out>
  <system-err><![CDATA[]]></system-err>
</testsuite>
