<?xml version="1.0" encoding="UTF-8"?>
<testsuite name="server.envy.me.UtiltiesClassTest.UserUtilitiesServiceMockito" tests="4" skipped="0" failures="0" errors="0" timestamp="2019-04-14T20:59:02" hostname="Ilyas-MBP.Stieltjesweg.duwo.lan" time="0.013">
  <properties/>
  <testcase name="testGetUtilitiesFindMultiple" classname="server.envy.me.UtiltiesClassTest.UserUtilitiesServiceMockito" time="0.002"/>
  <testcase name="testGetUtilitiesNotEmpty" classname="server.envy.me.UtiltiesClassTest.UserUtilitiesServiceMockito" time="0.002"/>
  <testcase name="testGetUtilitiesEmpty" classname="server.envy.me.UtiltiesClassTest.UserUtilitiesServiceMockito" time="0.002"/>
  <testcase name="testGetUtilitiesFindOne" classname="server.envy.me.UtiltiesClassTest.UserUtilitiesServiceMockito" time="0.002"/>
  <system-out><![CDATA[2019-04-14 22:59:02.683  INFO 17085 --- [    Test worker] o.s.t.c.s.DefaultTestContextBootstrapper : Neither @ContextConfiguration nor @ContextHierarchy found for test class [server.envy.me.UtiltiesClassTest.UserUtilitiesServiceMockito], using DelegatingSmartContextLoader
2019-04-14 22:59:02.684  INFO 17085 --- [    Test worker] o.s.t.c.support.AbstractContextLoader    : Could not detect default resource locations for test class [server.envy.me.UtiltiesClassTest.UserUtilitiesServiceMockito]: no resource found for suffixes {-context.xml}.
2019-04-14 22:59:02.684  INFO 17085 --- [    Test worker] t.c.s.AnnotationConfigContextLoaderUtils : Could not detect default configuration classes for test class [server.envy.me.UtiltiesClassTest.UserUtilitiesServiceMockito]: UserUtilitiesServiceMockito does not declare any static, non-private, non-final, nested classes annotated with @Configuration.
2019-04-14 22:59:02.685  INFO 17085 --- [    Test worker] o.s.t.c.s.DefaultTestContextBootstrapper : Loaded default TestExecutionListener class names from location [META-INF/spring.factories]: [org.springframework.boot.test.autoconfigure.restdocs.RestDocsTestExecutionListener, org.springframework.boot.test.autoconfigure.web.client.MockRestServiceServerResetTestExecutionListener, org.springframework.boot.test.autoconfigure.web.servlet.MockMvcPrintOnlyOnFailureTestExecutionListener, org.springframework.boot.test.autoconfigure.web.servlet.WebDriverTestExecutionListener, org.springframework.boot.test.mock.mockito.MockitoTestExecutionListener, org.springframework.boot.test.mock.mockito.ResetMocksTestExecutionListener, org.springframework.test.context.web.ServletTestExecutionListener, org.springframework.test.context.support.DirtiesContextBeforeModesTestExecutionListener, org.springframework.test.context.support.DependencyInjectionTestExecutionListener, org.springframework.test.context.support.DirtiesContextTestExecutionListener, org.springframework.test.context.transaction.TransactionalTestExecutionListener, org.springframework.test.context.jdbc.SqlScriptsTestExecutionListener]
2019-04-14 22:59:02.685  INFO 17085 --- [    Test worker] o.s.t.c.s.DefaultTestContextBootstrapper : Using TestExecutionListeners: [org.springframework.test.context.web.ServletTestExecutionListener@7588d83f, org.springframework.test.context.support.DirtiesContextBeforeModesTestExecutionListener@2242aecc, org.springframework.boot.test.mock.mockito.MockitoTestExecutionListener@1e1996c8, org.springframework.test.context.support.DependencyInjectionTestExecutionListener@13956d18, org.springframework.test.context.support.DirtiesContextTestExecutionListener@206f0675, org.springframework.test.context.transaction.TransactionalTestExecutionListener@176ce87a, org.springframework.test.context.jdbc.SqlScriptsTestExecutionListener@45918389, org.springframework.boot.test.autoconfigure.restdocs.RestDocsTestExecutionListener@7dd4cb8e, org.springframework.boot.test.autoconfigure.web.client.MockRestServiceServerResetTestExecutionListener@255036ef, org.springframework.boot.test.autoconfigure.web.servlet.MockMvcPrintOnlyOnFailureTestExecutionListener@558f3507, org.springframework.boot.test.autoconfigure.web.servlet.WebDriverTestExecutionListener@1c4b79f4, org.springframework.boot.test.mock.mockito.ResetMocksTestExecutionListener@47184948]
]]></system-out>
  <system-err><![CDATA[]]></system-err>
</testsuite>
