<?xml version="1.0" encoding="UTF-8"?>
<testsuite name="server.envy.me.FoodMockTest.FoodMock" tests="1" skipped="0" failures="0" errors="0" timestamp="2019-04-14T20:59:05" hostname="Ilyas-MBP.Stieltjesweg.duwo.lan" time="0.024">
  <properties/>
  <testcase name="getAllFoodValidUser" classname="server.envy.me.FoodMockTest.FoodMock" time="0.024"/>
  <system-out><![CDATA[2019-04-14 22:59:05.173  INFO 17085 --- [    Test worker] o.s.t.c.s.DefaultTestContextBootstrapper : Neither @ContextConfiguration nor @ContextHierarchy found for test class [server.envy.me.FoodMockTest.FoodMock], using DelegatingSmartContextLoader
2019-04-14 22:59:05.174  INFO 17085 --- [    Test worker] o.s.t.c.support.AbstractContextLoader    : Could not detect default resource locations for test class [server.envy.me.FoodMockTest.FoodMock]: no resource found for suffixes {-context.xml}.
2019-04-14 22:59:05.174  INFO 17085 --- [    Test worker] t.c.s.AnnotationConfigContextLoaderUtils : Could not detect default configuration classes for test class [server.envy.me.FoodMockTest.FoodMock]: FoodMock does not declare any static, non-private, non-final, nested classes annotated with @Configuration.
2019-04-14 22:59:05.175  INFO 17085 --- [    Test worker] o.s.t.c.s.DefaultTestContextBootstrapper : Loaded default TestExecutionListener class names from location [META-INF/spring.factories]: [org.springframework.boot.test.autoconfigure.restdocs.RestDocsTestExecutionListener, org.springframework.boot.test.autoconfigure.web.client.MockRestServiceServerResetTestExecutionListener, org.springframework.boot.test.autoconfigure.web.servlet.MockMvcPrintOnlyOnFailureTestExecutionListener, org.springframework.boot.test.autoconfigure.web.servlet.WebDriverTestExecutionListener, org.springframework.boot.test.mock.mockito.MockitoTestExecutionListener, org.springframework.boot.test.mock.mockito.ResetMocksTestExecutionListener, org.springframework.test.context.web.ServletTestExecutionListener, org.springframework.test.context.support.DirtiesContextBeforeModesTestExecutionListener, org.springframework.test.context.support.DependencyInjectionTestExecutionListener, org.springframework.test.context.support.DirtiesContextTestExecutionListener, org.springframework.test.context.transaction.TransactionalTestExecutionListener, org.springframework.test.context.jdbc.SqlScriptsTestExecutionListener]
2019-04-14 22:59:05.176  INFO 17085 --- [    Test worker] o.s.t.c.s.DefaultTestContextBootstrapper : Using TestExecutionListeners: [org.springframework.test.context.web.ServletTestExecutionListener@676e3fd5, org.springframework.test.context.support.DirtiesContextBeforeModesTestExecutionListener@55c55c6, org.springframework.boot.test.mock.mockito.MockitoTestExecutionListener@49268cb1, org.springframework.test.context.support.DependencyInjectionTestExecutionListener@20379d60, org.springframework.test.context.support.DirtiesContextTestExecutionListener@36b18e24, org.springframework.test.context.transaction.TransactionalTestExecutionListener@51a40f51, org.springframework.test.context.jdbc.SqlScriptsTestExecutionListener@2c9a42d0, org.springframework.boot.test.autoconfigure.restdocs.RestDocsTestExecutionListener@305a06be, org.springframework.boot.test.autoconfigure.web.client.MockRestServiceServerResetTestExecutionListener@aa06e3f, org.springframework.boot.test.autoconfigure.web.servlet.MockMvcPrintOnlyOnFailureTestExecutionListener@7b0f36bd, org.springframework.boot.test.autoconfigure.web.servlet.WebDriverTestExecutionListener@57d77ce, org.springframework.boot.test.mock.mockito.ResetMocksTestExecutionListener@65f2fe29]
2019-04-14 22:59:05.224  INFO 17085 --- [    Test worker] o.s.mock.web.MockServletContext          : Initializing Spring TestDispatcherServlet ''
2019-04-14 22:59:05.225  INFO 17085 --- [    Test worker] o.s.t.web.servlet.TestDispatcherServlet  : Initializing Servlet ''
2019-04-14 22:59:05.225  INFO 17085 --- [    Test worker] o.s.t.web.servlet.TestDispatcherServlet  : Completed initialization in 0 ms
]]></system-out>
  <system-err><![CDATA[]]></system-err>
</testsuite>
