<?xml version="1.0" encoding="UTF-8"?>
<testsuite name="server.envy.me.LeaderboardTest.LeaderboardClassTest" tests="2" skipped="0" failures="0" errors="0" timestamp="2019-04-14T20:59:03" hostname="Ilyas-MBP.Stieltjesweg.duwo.lan" time="0.0">
  <properties/>
  <testcase name="testGetPositive" classname="server.envy.me.LeaderboardTest.LeaderboardClassTest" time="0.0"/>
  <testcase name="testGetNegative" classname="server.envy.me.LeaderboardTest.LeaderboardClassTest" time="0.0"/>
  <system-out><![CDATA[]]></system-out>
  <system-err><![CDATA[]]></system-err>
</testsuite>
