<?xml version="1.0" encoding="UTF-8"?>
<testsuite name="oop.CarDetailsTest" tests="14" skipped="0" failures="0" errors="0" timestamp="2019-04-14T18:14:59" hostname="Ilyas-MBP.Stieltjesweg.duwo.lan" time="0.011">
  <properties/>
  <testcase name="equalsNullTest" classname="oop.CarDetailsTest" time="0.001"/>
  <testcase name="parseTest" classname="oop.CarDetailsTest" time="0.003"/>
  <testcase name="equalsOtherTest" classname="oop.CarDetailsTest" time="0.001"/>
  <testcase name="equalsNotSameTypeTest" classname="oop.CarDetailsTest" time="0.0"/>
  <testcase name="equalsNotSameUserIdTest" classname="oop.CarDetailsTest" time="0.0"/>
  <testcase name="Constructor2Test" classname="oop.CarDetailsTest" time="0.0"/>
  <testcase name="Constructor4Test" classname="oop.CarDetailsTest" time="0.0"/>
  <testcase name="equalsNotSameCarIdTest" classname="oop.CarDetailsTest" time="0.0"/>
  <testcase name="parseFalseTest" classname="oop.CarDetailsTest" time="0.0"/>
  <testcase name="stringifyTest" classname="oop.CarDetailsTest" time="0.0"/>
  <testcase name="stringifyFalseTest" classname="oop.CarDetailsTest" time="0.001"/>
  <testcase name="equalsNotSameNameTest" classname="oop.CarDetailsTest" time="0.0"/>
  <testcase name="equalsTrueTest" classname="oop.CarDetailsTest" time="0.0"/>
  <testcase name="equalsNotSameMpgTest" classname="oop.CarDetailsTest" time="0.0"/>
  <system-out><![CDATA[{"mpg":4.0,"name":"name","type":"Diesel Car","userid":2}
{"mpg":4.0,"name":"name","type":"Diesel Car","userid":2}
]]></system-out>
  <system-err><![CDATA[]]></system-err>
</testsuite>
