<?xml version="1.0" encoding="UTF-8"?>
<testsuite name="oop.ValidationTest" tests="20" skipped="0" failures="0" errors="0" timestamp="2019-04-14T18:14:59" hostname="Ilyas-MBP.Stieltjesweg.duwo.lan" time="0.028">
  <properties/>
  <testcase name="test_checkRePassword_wrong_different_pass" classname="oop.ValidationTest" time="0.007"/>
  <testcase name="test_validateUserName_wrong" classname="oop.ValidationTest" time="0.002"/>
  <testcase name="test_checkRePassword_wrong_empty__same_pass" classname="oop.ValidationTest" time="0.0"/>
  <testcase name="test_validatePassword_correct" classname="oop.ValidationTest" time="0.0"/>
  <testcase name="test_validateName_correct" classname="oop.ValidationTest" time="0.001"/>
  <testcase name="test_validateTNumberOfDays_29_LeapYear" classname="oop.ValidationTest" time="0.0"/>
  <testcase name="test_validatePassword_null" classname="oop.ValidationTest" time="0.0"/>
  <testcase name="test_hashing" classname="oop.ValidationTest" time="0.003"/>
  <testcase name="test_validateTNumberOfDays_28_nonLeapYear" classname="oop.ValidationTest" time="0.0"/>
  <testcase name="test_validateName_null" classname="oop.ValidationTest" time="0.0"/>
  <testcase name="test_validateName_wrong" classname="oop.ValidationTest" time="0.0"/>
  <testcase name="test_checkRePassword_correct" classname="oop.ValidationTest" time="0.0"/>
  <testcase name="test_validateTNumberOfDays_28" classname="oop.ValidationTest" time="0.001"/>
  <testcase name="test_validateTNumberOfDays_29" classname="oop.ValidationTest" time="0.001"/>
  <testcase name="test_validateTNumberOfDays_30" classname="oop.ValidationTest" time="0.0"/>
  <testcase name="test_validateTNumberOfDays_31" classname="oop.ValidationTest" time="0.001"/>
  <testcase name="test_validatePassword_wrong" classname="oop.ValidationTest" time="0.0"/>
  <testcase name="test_validateUserName_null" classname="oop.ValidationTest" time="0.001"/>
  <testcase name="test_checkRePassword_wrong_empty_different_pass" classname="oop.ValidationTest" time="0.002"/>
  <testcase name="test_validateUserName_correct" classname="oop.ValidationTest" time="0.0"/>
  <system-out><![CDATA[]]></system-out>
  <system-err><![CDATA[]]></system-err>
</testsuite>
