<?xml version="1.0" encoding="UTF-8"?>
<testsuite name="oop.BadgeDetailsTest" tests="8" skipped="0" failures="0" errors="0" timestamp="2019-04-14T18:14:59" hostname="Ilyas-MBP.Stieltjesweg.duwo.lan" time="0.01">
  <properties/>
  <testcase name="parseBadgesRightTest" classname="oop.BadgeDetailsTest" time="0.001"/>
  <testcase name="parseIdWrongTest" classname="oop.BadgeDetailsTest" time="0.0"/>
  <testcase name="parseBadgesWrongTest" classname="oop.BadgeDetailsTest" time="0.002"/>
  <testcase name="stringifyRightTest" classname="oop.BadgeDetailsTest" time="0.002"/>
  <testcase name="parseBadgesNullTest" classname="oop.BadgeDetailsTest" time="0.0"/>
  <testcase name="parseIdNullTest" classname="oop.BadgeDetailsTest" time="0.0"/>
  <testcase name="stringifyWrongTest" classname="oop.BadgeDetailsTest" time="0.001"/>
  <testcase name="parseIdRightTest" classname="oop.BadgeDetailsTest" time="0.001"/>
  <system-out><![CDATA[{"badgeid":1,"userid":0}
{"badgeid":1,"userid":0}
]]></system-out>
  <system-err><![CDATA[]]></system-err>
</testsuite>
