<?xml version="1.0" encoding="UTF-8"?>
<testsuite name="oop.UtilitiesConnectionTest" tests="8" skipped="0" failures="0" errors="0" timestamp="2019-04-14T18:15:00" hostname="Ilyas-MBP.Stieltjesweg.duwo.lan" time="0.583">
  <properties/>
  <testcase name="test_receiveUtilities_invalid" classname="oop.UtilitiesConnectionTest" time="0.005"/>
  <testcase name="test_send_utilities_IOException" classname="oop.UtilitiesConnectionTest" time="0.004"/>
  <testcase name="test_send_utilities_validFalseUsername" classname="oop.UtilitiesConnectionTest" time="0.078"/>
  <testcase name="test_receiveUtilities_null" classname="oop.UtilitiesConnectionTest" time="0.002"/>
  <testcase name="test_send_utilities_invalidUsername" classname="oop.UtilitiesConnectionTest" time="0.002"/>
  <testcase name="test_registerUser_wrong" classname="oop.UtilitiesConnectionTest" time="0.485"/>
  <testcase name="test_receiveUtilities_valid" classname="oop.UtilitiesConnectionTest" time="0.003"/>
  <testcase name="test_receiveUtilities_IOException" classname="oop.UtilitiesConnectionTest" time="0.003"/>
  <system-out><![CDATA[{"electricityBill":30,"roomTemp":50,"cleanEnergyPercentage":40,"watersewage":20,"solarPanels":true,"natgas":10}
{"electricityBill":30,"roomTemp":50,"cleanEnergyPercentage":40,"watersewage":20,"solarPanels":true,"natgas":10}
java.net.MalformedURLException: no protocol: /wrongpath/user/storeUtilities
{"electricityBill":30,"roomTemp":50,"cleanEnergyPercentage":40,"watersewage":20,"solarPanels":true,"natgas":10}
{"electricityBill":30,"roomTemp":50,"cleanEnergyPercentage":40,"watersewage":20,"solarPanels":true,"natgas":10}
java.io.IOException: Server returned HTTP response code: 400 for URL: http://env-y-me.herokuapp.com/ValidUsername/storeUtilities
{"electricityBill":30,"roomTemp":50,"cleanEnergyPercentage":40,"watersewage":20,"solarPanels":true,"natgas":10}
{"electricityBill":30,"roomTemp":50,"cleanEnergyPercentage":40,"watersewage":20,"solarPanels":true,"natgas":10}
{"electricityBill":30,"roomTemp":50,"cleanEnergyPercentage":40,"watersewage":20,"solarPanels":true,"natgas":10}
{"electricityBill":30,"roomTemp":50,"cleanEnergyPercentage":40,"watersewage":20,"solarPanels":true,"natgas":10}
POST Response Code :: 200
{"electricityBill":30,"roomTemp":50,"cleanEnergyPercentage":40,"watersewage":20,"solarPanels":true,"natgas":10}
{"utilities":[{"datetime":"2019-04-14","perCleanEnergy":40,"gas":10,"electricity":30,"water":20}]}
{"electricityBill":30,"roomTemp":50,"cleanEnergyPercentage":40,"watersewage":20,"solarPanels":true,"natgas":10}
]]></system-out>
  <system-err><![CDATA[Apr 14, 2019 8:15:00 PM oop.App log
INFO: oop.connection.HttpRequest: Creating HttpRequest Object
Apr 14, 2019 8:15:00 PM oop.App log
INFO: oop.connection.HttpRequest: Creating HttpRequest Object
Apr 14, 2019 8:15:00 PM oop.App log
INFO: oop.connection.Connection: Sending Utilities
Apr 14, 2019 8:15:00 PM oop.App log
INFO: oop.connection.HttpRequest: Creating HttpRequest Object
Apr 14, 2019 8:15:00 PM oop.App log
WARNING: oop.connection.Connection: IOException - POST to Server - Utilities
Apr 14, 2019 8:15:00 PM oop.App log
INFO: oop.connection.HttpRequest: Creating HttpRequest Object
Apr 14, 2019 8:15:00 PM oop.App log
INFO: oop.connection.Connection: Sending Utilities
Apr 14, 2019 8:15:00 PM oop.App log
INFO: oop.connection.HttpRequest: Creating HttpRequest Object
Apr 14, 2019 8:15:00 PM oop.App log
INFO: oop.connection.HttpRequest: Sending POST Request method
Apr 14, 2019 8:15:00 PM oop.App log
INFO: oop.connection.HttpRequest: Wrote to the output stream
Apr 14, 2019 8:15:00 PM oop.App log
WARNING: oop.connection.Connection: IOException - POST to Server - Utilities
Apr 14, 2019 8:15:00 PM oop.App log
INFO: oop.connection.HttpRequest: Creating HttpRequest Object
Apr 14, 2019 8:15:00 PM oop.App log
INFO: oop.connection.HttpRequest: Creating HttpRequest Object
Apr 14, 2019 8:15:00 PM oop.App log
INFO: oop.connection.Connection: Sending Utilities
Apr 14, 2019 8:15:00 PM oop.App log
WARNING: oop.connection.Connection: User Not logged In
Apr 14, 2019 8:15:00 PM oop.App log
INFO: oop.connection.HttpRequest: Creating HttpRequest Object
Apr 14, 2019 8:15:00 PM oop.App log
INFO: oop.connection.Connection: Sending Utilities
Apr 14, 2019 8:15:00 PM oop.App log
INFO: oop.connection.HttpRequest: Creating HttpRequest Object
Apr 14, 2019 8:15:00 PM oop.App log
INFO: oop.connection.HttpRequest: Sending POST Request method
Apr 14, 2019 8:15:00 PM oop.App log
INFO: oop.connection.HttpRequest: Wrote to the output stream
Apr 14, 2019 8:15:00 PM oop.App log
INFO: oop.connection.HttpRequest: POST Response Code::200
Apr 14, 2019 8:15:00 PM oop.App log
INFO: oop.connection.Connection: Successful Posting to Server - Utilities
Apr 14, 2019 8:15:00 PM oop.App log
INFO: oop.connection.HttpRequest: Creating HttpRequest Object
Apr 14, 2019 8:15:00 PM oop.App log
INFO: oop.connection.HttpRequest: Creating HttpRequest Object
Apr 14, 2019 8:15:00 PM oop.App log
WARNING: oop.connection.Connection: IOException - GET to Server - Retrieving Food
]]></system-err>
</testsuite>
