<?xml version="1.0" encoding="UTF-8"?>
<testsuite name="oop.TripConnectionTest" tests="8" skipped="0" failures="0" errors="0" timestamp="2019-04-14T18:15:01" hostname="Ilyas-MBP.Stieltjesweg.duwo.lan" time="0.029">
  <properties/>
  <testcase name="test_send_trip_IOException" classname="oop.TripConnectionTest" time="0.004"/>
  <testcase name="test_receiveTrip_valid" classname="oop.TripConnectionTest" time="0.003"/>
  <testcase name="test_receiveTrip_IOException" classname="oop.TripConnectionTest" time="0.003"/>
  <testcase name="test_receiveTrip_invalid" classname="oop.TripConnectionTest" time="0.003"/>
  <testcase name="test_send_trip_invalidUsername" classname="oop.TripConnectionTest" time="0.003"/>
  <testcase name="test_send_trip_validCorrectUsername" classname="oop.TripConnectionTest" time="0.004"/>
  <testcase name="test_receiveTrip_null" classname="oop.TripConnectionTest" time="0.003"/>
  <testcase name="test_send_trip_validFalseUsername" classname="oop.TripConnectionTest" time="0.005"/>
  <system-out><![CDATA[{"date":"2019-04-14","distance":400.0,"destination":"Munich","source":"Berlin","type":"Car","carId":1607}
{"date":"2019-04-14","distance":400.0,"destination":"Munich","source":"Berlin","type":"Car","carId":1607}
{"date":"2019-04-14","distance":400.0,"destination":"Munich","source":"Berlin","type":"Car","carId":1607}
{"date":"2019-04-14","distance":400.0,"destination":"Munich","source":"Berlin","type":"Car","carId":1607}
{"date":"2019-04-14","distance":400.0,"destination":"Munich","source":"Berlin","type":"Car","carId":1607}
{"date":"2019-04-14","distance":400.0,"destination":"Munich","source":"Berlin","type":"Car","carId":1607}
{"date":"2019-04-14","distance":400.0,"destination":"Munich","source":"Berlin","type":"Car","carId":1607}
{"date":"2019-04-14","distance":400.0,"destination":"Munich","source":"Berlin","type":"Car","carId":1607}
{"date":"2019-04-14","distance":400.0,"destination":"Munich","source":"Berlin","type":"Car","carId":1607}
{"date":"2019-04-14","distance":400.0,"destination":"Munich","source":"Berlin","type":"Car","carId":1607}
{"date":"2019-04-14","distance":400.0,"destination":"Munich","source":"Berlin","type":"Car","carId":1607}
{"date":"2019-04-14","distance":400.0,"destination":"Munich","source":"Berlin","type":"Car","carId":1607}
{"date":"2019-04-14","distance":400.0,"destination":"Munich","source":"Berlin","type":"Car","carId":1607}
{"date":"2019-04-14","distance":400.0,"destination":"Munich","source":"Berlin","type":"Car","carId":1607}
]]></system-out>
  <system-err><![CDATA[Apr 14, 2019 8:15:01 PM oop.App log
INFO: oop.connection.HttpRequest: Creating HttpRequest Object
Apr 14, 2019 8:15:01 PM oop.App log
INFO: oop.details.RegistrationDetails: Creating JSON - Trip
Apr 14, 2019 8:15:01 PM oop.App log
WARNING: oop.connection.Connection: IOException - POST to Server - Sending Trip
Apr 14, 2019 8:15:01 PM oop.App log
INFO: oop.connection.HttpRequest: Creating HttpRequest Object
Apr 14, 2019 8:15:01 PM oop.App log
INFO: oop.details.RegistrationDetails: Creating JSON - Trip
Apr 14, 2019 8:15:01 PM oop.App log
INFO: oop.connection.HttpRequest: Creating HttpRequest Object
Apr 14, 2019 8:15:01 PM oop.App log
INFO: oop.details.RegistrationDetails: Creating JSON - Trip
Apr 14, 2019 8:15:01 PM oop.App log
WARNING: oop.connection.Connection: IOException - GET to Server - Retrieving TripList
Apr 14, 2019 8:15:01 PM oop.App log
INFO: oop.connection.HttpRequest: Creating HttpRequest Object
Apr 14, 2019 8:15:01 PM oop.App log
INFO: oop.details.RegistrationDetails: Creating JSON - Trip
Apr 14, 2019 8:15:01 PM oop.App log
INFO: oop.connection.HttpRequest: Creating HttpRequest Object
Apr 14, 2019 8:15:01 PM oop.App log
INFO: oop.details.RegistrationDetails: Creating JSON - Trip
Apr 14, 2019 8:15:01 PM oop.App log
WARNING: oop.connection.Connection: User Not logged In
Apr 14, 2019 8:15:01 PM oop.App log
INFO: oop.connection.HttpRequest: Creating HttpRequest Object
Apr 14, 2019 8:15:01 PM oop.App log
INFO: oop.details.RegistrationDetails: Creating JSON - Trip
Apr 14, 2019 8:15:01 PM oop.App log
INFO: oop.details.RegistrationDetails: Creating JSON - Trip
Apr 14, 2019 8:15:01 PM oop.App log
INFO: oop.details.RegistrationDetails: Creating JSON - Trip
Apr 14, 2019 8:15:01 PM oop.App log
INFO: oop.connection.Connection: Successful Posting to Server - Sending Trip
Apr 14, 2019 8:15:01 PM oop.App log
INFO: oop.connection.HttpRequest: Creating HttpRequest Object
Apr 14, 2019 8:15:01 PM oop.App log
INFO: oop.details.RegistrationDetails: Creating JSON - Trip
Apr 14, 2019 8:15:01 PM oop.App log
INFO: oop.connection.HttpRequest: Creating HttpRequest Object
Apr 14, 2019 8:15:01 PM oop.App log
INFO: oop.details.RegistrationDetails: Creating JSON - Trip
Apr 14, 2019 8:15:01 PM oop.App log
INFO: oop.details.RegistrationDetails: Creating JSON - Trip
Apr 14, 2019 8:15:01 PM oop.App log
INFO: oop.details.RegistrationDetails: Creating JSON - Trip
Apr 14, 2019 8:15:01 PM oop.App log
INFO: oop.connection.Connection: Unsuccessful Posting to Server - Sending Trip
]]></system-err>
</testsuite>
