<?xml version="1.0" encoding="UTF-8"?>
<testsuite name="oop.FoodConnectionTest" tests="12" skipped="0" failures="0" errors="0" timestamp="2019-04-14T18:15:00" hostname="Ilyas-MBP.Stieltjesweg.duwo.lan" time="0.043">
  <properties/>
  <testcase name="test_remove_food_IOException" classname="oop.FoodConnectionTest" time="0.005"/>
  <testcase name="test_removeFood_invalid" classname="oop.FoodConnectionTest" time="0.002"/>
  <testcase name="test_removeFoodFood_valid" classname="oop.FoodConnectionTest" time="0.002"/>
  <testcase name="test_removeFood_null" classname="oop.FoodConnectionTest" time="0.005"/>
  <testcase name="test_send_food_invalidUsername" classname="oop.FoodConnectionTest" time="0.003"/>
  <testcase name="test_receiveFood_null" classname="oop.FoodConnectionTest" time="0.002"/>
  <testcase name="test_send_food_validFalseUsername" classname="oop.FoodConnectionTest" time="0.004"/>
  <testcase name="test_send_food_IOException" classname="oop.FoodConnectionTest" time="0.002"/>
  <testcase name="test_receiveFood_IOException" classname="oop.FoodConnectionTest" time="0.003"/>
  <testcase name="test_receiveFood_invalid" classname="oop.FoodConnectionTest" time="0.003"/>
  <testcase name="test_receiveFood_valid" classname="oop.FoodConnectionTest" time="0.004"/>
  <testcase name="test_send_food_validCorrectUsername" classname="oop.FoodConnectionTest" time="0.007"/>
  <system-out><![CDATA[{"date":"2019-04-14","eggs":0,"meatAlt":0,"cooked":false,"fish":0,"meat":0,"type":"Vegetarian","veggies":10,"snacks":0,"dairy":30,"local":false,"grains":40}
{"date":"2019-04-14","eggs":0,"meatAlt":0,"cooked":false,"fish":0,"meat":0,"type":"Vegetarian","veggies":10,"snacks":0,"dairy":30,"local":false,"grains":40}
{"date":"2019-04-14","eggs":0,"meatAlt":0,"cooked":false,"fish":0,"meat":0,"type":"Vegetarian","veggies":10,"snacks":0,"dairy":30,"local":false,"grains":40}
{"date":"2019-04-14","eggs":0,"meatAlt":0,"cooked":false,"fish":0,"meat":0,"type":"Vegetarian","veggies":10,"snacks":0,"dairy":30,"local":false,"grains":40}
{"date":"2019-04-14","eggs":0,"meatAlt":0,"cooked":false,"fish":0,"meat":0,"type":"Vegetarian","veggies":10,"snacks":0,"dairy":30,"local":false,"grains":40}
{"date":"2019-04-14","eggs":0,"meatAlt":0,"cooked":false,"fish":0,"meat":0,"type":"Vegetarian","veggies":10,"snacks":0,"dairy":30,"local":false,"grains":40}
{"date":"2019-04-14","eggs":0,"meatAlt":0,"cooked":false,"fish":0,"meat":0,"type":"Vegetarian","veggies":10,"snacks":0,"dairy":30,"local":false,"grains":40}
{"date":"2019-04-14","eggs":0,"meatAlt":0,"cooked":false,"fish":0,"meat":0,"type":"Vegetarian","veggies":10,"snacks":0,"dairy":30,"local":false,"grains":40}
{"date":"2019-04-14","eggs":0,"meatAlt":0,"cooked":false,"fish":0,"meat":0,"type":"Vegetarian","veggies":10,"snacks":0,"dairy":30,"local":false,"grains":40}
{"date":"2019-04-14","eggs":0,"meatAlt":0,"cooked":false,"fish":0,"meat":0,"type":"Vegetarian","veggies":10,"snacks":0,"dairy":30,"local":false,"grains":40}
{"date":"2019-04-14","eggs":0,"meatAlt":0,"cooked":false,"fish":0,"meat":0,"type":"Vegetarian","veggies":10,"snacks":0,"dairy":30,"local":false,"grains":40}
{"date":"2019-04-14","eggs":0,"meatAlt":0,"cooked":false,"fish":0,"meat":0,"type":"Vegetarian","veggies":10,"snacks":0,"dairy":30,"local":false,"grains":40}
{"food":[{"date":"2019-03-17T00:00:00.000+0000","eggs":0.0,"cooked":false,"type":"Vegetarian","local":false,"grains":67.0,"meatAlt":0.0,"fish":0.0,"meat":0.0,"id":"343","veggies":33.0,"snacks":0.0,"dairy":0.0}]}
{"date":"2019-04-14","eggs":0,"meatAlt":0,"cooked":false,"fish":0,"meat":0,"type":"Vegetarian","veggies":10,"snacks":0,"dairy":30,"local":false,"grains":40}
{"date":"2019-04-14","eggs":0,"meatAlt":0,"cooked":false,"fish":0,"meat":0,"type":"Vegetarian","veggies":10,"snacks":0,"dairy":30,"local":false,"grains":40}
]]></system-out>
  <system-err><![CDATA[Apr 14, 2019 8:15:00 PM oop.App log
INFO: oop.connection.HttpRequest: Creating HttpRequest Object
Apr 14, 2019 8:15:00 PM oop.App log
WARNING: oop.connection.Connection: IOException - POST to Server - Deleting food details
Apr 14, 2019 8:15:00 PM oop.App log
INFO: oop.connection.HttpRequest: Creating HttpRequest Object
Apr 14, 2019 8:15:00 PM oop.App log
INFO: oop.connection.HttpRequest: Creating HttpRequest Object
Apr 14, 2019 8:15:00 PM oop.App log
INFO: oop.connection.Connection: Successful Posting to Server - Deleting food details
Apr 14, 2019 8:15:00 PM oop.App log
INFO: oop.connection.HttpRequest: Creating HttpRequest Object
Apr 14, 2019 8:15:00 PM oop.App log
INFO: oop.connection.HttpRequest: Creating HttpRequest Object
Apr 14, 2019 8:15:00 PM oop.App log
WARNING: oop.connection.Connection: User Not logged In
Apr 14, 2019 8:15:00 PM oop.App log
INFO: oop.connection.HttpRequest: Creating HttpRequest Object
Apr 14, 2019 8:15:00 PM oop.App log
INFO: oop.connection.HttpRequest: Creating HttpRequest Object
Apr 14, 2019 8:15:00 PM oop.App log
INFO: oop.connection.Connection: Unsuccessful Posting to Server - Sending Food
Apr 14, 2019 8:15:00 PM oop.App log
INFO: oop.connection.HttpRequest: Creating HttpRequest Object
Apr 14, 2019 8:15:00 PM oop.App log
WARNING: oop.connection.Connection: IOException - POST to Server - Sending Food
Apr 14, 2019 8:15:00 PM oop.App log
INFO: oop.connection.HttpRequest: Creating HttpRequest Object
Apr 14, 2019 8:15:00 PM oop.App log
WARNING: oop.connection.Connection: IOException - GET to Server - Retrieving Food
Apr 14, 2019 8:15:00 PM oop.App log
INFO: oop.connection.HttpRequest: Creating HttpRequest Object
Apr 14, 2019 8:15:00 PM oop.App log
INFO: oop.connection.HttpRequest: Creating HttpRequest Object
Apr 14, 2019 8:15:00 PM oop.App log
INFO: oop.connection.HttpRequest: Creating HttpRequest Object
Apr 14, 2019 8:15:00 PM oop.App log
INFO: oop.connection.Connection: Successful Posting to Server - Sending Food
]]></system-err>
</testsuite>
