<?xml version="1.0" encoding="UTF-8"?>
<testsuite name="oop.SettingsConnectionTest" tests="8" skipped="0" failures="0" errors="0" timestamp="2019-04-14T18:15:00" hostname="Ilyas-MBP.Stieltjesweg.duwo.lan" time="0.026">
  <properties/>
  <testcase name="test_receiveSettings_null" classname="oop.SettingsConnectionTest" time="0.004"/>
  <testcase name="test_receiveSettings_valid" classname="oop.SettingsConnectionTest" time="0.002"/>
  <testcase name="test_send_settings_IOException" classname="oop.SettingsConnectionTest" time="0.003"/>
  <testcase name="test_receiveSettings_IOException" classname="oop.SettingsConnectionTest" time="0.002"/>
  <testcase name="test_receiveSettings_invalid" classname="oop.SettingsConnectionTest" time="0.003"/>
  <testcase name="test_send_settings_validCorrectUsername" classname="oop.SettingsConnectionTest" time="0.004"/>
  <testcase name="test_send_settings_validFalseUsername" classname="oop.SettingsConnectionTest" time="0.004"/>
  <testcase name="test_send_settings_invalidUsername" classname="oop.SettingsConnectionTest" time="0.003"/>
  <system-out><![CDATA[{"electricityEmmFactor":4.0,"electricityPrice":3.0,"natGasPrice":5.0,"livingSpace":6.0,"userId":1,"gasPrice":2.0}
{"electricityEmmFactor":4.0,"electricityPrice":3.0,"natGasPrice":5.0,"livingSpace":6.0,"userId":1,"gasPrice":2.0}
{"electricityEmmFactor":4,"electricityPrice":3,"natGasPrice":5,"livingSpace":6,"userId":1,"gasPrice":2}
{"electricityEmmFactor":4.0,"electricityPrice":3.0,"natGasPrice":5.0,"livingSpace":6.0,"userId":1,"gasPrice":2.0}
{"electricityEmmFactor":4.0,"electricityPrice":3.0,"natGasPrice":5.0,"livingSpace":6.0,"userId":1,"gasPrice":2.0}
{"electricityEmmFactor":4.0,"electricityPrice":3.0,"natGasPrice":5.0,"livingSpace":6.0,"userId":1,"gasPrice":2.0}
{"electricityEmmFactor":4.0,"electricityPrice":3.0,"natGasPrice":5.0,"livingSpace":6.0,"userId":1,"gasPrice":2.0}
{"electricityEmmFactor":4.0,"electricityPrice":3.0,"natGasPrice":5.0,"livingSpace":6.0,"userId":1,"gasPrice":2.0}
{"electricityEmmFactor":4.0,"electricityPrice":3.0,"natGasPrice":5.0,"livingSpace":6.0,"userId":1,"gasPrice":2.0}
{"electricityEmmFactor":4.0,"electricityPrice":3.0,"natGasPrice":5.0,"livingSpace":6.0,"userId":1,"gasPrice":2.0}
{"electricityEmmFactor":4.0,"electricityPrice":3.0,"natGasPrice":5.0,"livingSpace":6.0,"userId":1,"gasPrice":2.0}
]]></system-out>
  <system-err><![CDATA[Apr 14, 2019 8:15:00 PM oop.App log
INFO: oop.connection.HttpRequest: Creating HttpRequest Object
Apr 14, 2019 8:15:00 PM oop.App log
INFO: oop.connection.HttpRequest: Creating HttpRequest Object
Apr 14, 2019 8:15:00 PM oop.App log
INFO: oop.connection.HttpRequest: Creating HttpRequest Object
Apr 14, 2019 8:15:00 PM oop.App log
WARNING: oop.connection.Connection: IOException - POST to Server - Sending Settings
Apr 14, 2019 8:15:00 PM oop.App log
INFO: oop.connection.HttpRequest: Creating HttpRequest Object
Apr 14, 2019 8:15:00 PM oop.App log
WARNING: oop.connection.Connection: IOException - GET to Server - Retrieving Settings
Apr 14, 2019 8:15:00 PM oop.App log
INFO: oop.connection.HttpRequest: Creating HttpRequest Object
Apr 14, 2019 8:15:00 PM oop.App log
INFO: oop.connection.HttpRequest: Creating HttpRequest Object
Apr 14, 2019 8:15:00 PM oop.App log
INFO: oop.connection.Connection: Successful Posting to Server - Sending Settings
Apr 14, 2019 8:15:00 PM oop.App log
INFO: oop.connection.HttpRequest: Creating HttpRequest Object
Apr 14, 2019 8:15:00 PM oop.App log
INFO: oop.connection.Connection: Unsuccessful Posting to Server - Sending Settings
Apr 14, 2019 8:15:00 PM oop.App log
INFO: oop.connection.HttpRequest: Creating HttpRequest Object
Apr 14, 2019 8:15:00 PM oop.App log
WARNING: oop.connection.Connection: User Not logged In
]]></system-err>
</testsuite>
