<?xml version="1.0" encoding="UTF-8"?>
<testsuite name="oop.TripDetailsTest" tests="4" skipped="0" failures="0" errors="0" timestamp="2019-04-14T18:15:00" hostname="Ilyas-MBP.Stieltjesweg.duwo.lan" time="0.031">
  <properties/>
  <testcase name="parseTest" classname="oop.TripDetailsTest" time="0.028"/>
  <testcase name="parseFalseTest" classname="oop.TripDetailsTest" time="0.0"/>
  <testcase name="stringifyFalseTest" classname="oop.TripDetailsTest" time="0.001"/>
  <testcase name="ConstructorTest" classname="oop.TripDetailsTest" time="0.0"/>
  <system-out><![CDATA[{"date":"2019-04-14","distance":400.0,"destination":"Munich","source":"Berlin","type":"Car","carId":1607}
]]></system-out>
  <system-err><![CDATA[Apr 14, 2019 8:15:00 PM oop.App log
INFO: oop.details.RegistrationDetails: Creating JSON - Trip
]]></system-err>
</testsuite>
