<?xml version="1.0" encoding="UTF-8"?>
<testsuite name="oop.RegistrationDetailsTest" tests="6" skipped="0" failures="0" errors="0" timestamp="2019-04-14T18:14:59" hostname="Ilyas-MBP.Stieltjesweg.duwo.lan" time="0.002">
  <properties/>
  <testcase name="getdateofbirth" classname="oop.RegistrationDetailsTest" time="0.0"/>
  <testcase name="getFirstname" classname="oop.RegistrationDetailsTest" time="0.0"/>
  <testcase name="getLastname" classname="oop.RegistrationDetailsTest" time="0.0"/>
  <testcase name="test_getScore" classname="oop.RegistrationDetailsTest" time="0.0"/>
  <testcase name="setScore" classname="oop.RegistrationDetailsTest" time="0.0"/>
  <testcase name="getUsername" classname="oop.RegistrationDetailsTest" time="0.0"/>
  <system-out><![CDATA[]]></system-out>
  <system-err><![CDATA[]]></system-err>
</testsuite>
