<?xml version="1.0" encoding="UTF-8"?>
<testsuite name="oop.RegistrationLoginTest" tests="15" skipped="0" failures="0" errors="0" timestamp="2019-04-14T18:14:59" hostname="Ilyas-MBP.Stieltjesweg.duwo.lan" time="0.171">
  <properties/>
  <testcase name="test_registerUser_true" classname="oop.RegistrationLoginTest" time="0.014"/>
  <testcase name="test_constructor" classname="oop.RegistrationLoginTest" time="0.011"/>
  <testcase name="test_authorize_user_correct" classname="oop.RegistrationLoginTest" time="0.01"/>
  <testcase name="test_parse_score_right" classname="oop.RegistrationLoginTest" time="0.008"/>
  <testcase name="test_parse_score_wrong" classname="oop.RegistrationLoginTest" time="0.007"/>
  <testcase name="test_authorize_user_IOException" classname="oop.RegistrationLoginTest" time="0.023"/>
  <testcase name="test_registerUser_IOException" classname="oop.RegistrationLoginTest" time="0.019"/>
  <testcase name="test_parse_right" classname="oop.RegistrationLoginTest" time="0.008"/>
  <testcase name="test_parse_wrong" classname="oop.RegistrationLoginTest" time="0.01"/>
  <testcase name="test_authorizeUser_wrong_null_pass" classname="oop.RegistrationLoginTest" time="0.016"/>
  <testcase name="test_authorizeUser_wrong_null_user" classname="oop.RegistrationLoginTest" time="0.007"/>
  <testcase name="test_authorizeUser_wrong" classname="oop.RegistrationLoginTest" time="0.008"/>
  <testcase name="test_parse_users_right" classname="oop.RegistrationLoginTest" time="0.007"/>
  <testcase name="test_parse_users_wrong" classname="oop.RegistrationLoginTest" time="0.011"/>
  <testcase name="test_registerUser_wrong" classname="oop.RegistrationLoginTest" time="0.008"/>
  <system-out><![CDATA[{"password":"d74ff0ee8da3b9806b18c877dbf29bbde50b5bd8e4dad7a3a725000feb82e8f1","username":"user"}
{"dateofbirth":"1999-01-12","firstname":"Name","password":"3983c506a7e53ede8c62e0c5a610da2e3bc0932b06761e3f6d50d5723d8bc2f","gender":"male","username":"testUser","lastname":"lastName"}
{"password":"f00833418313412349557b6684541ada9cd844b0c195ea163eb734c315ce639b","username":"wrong_user"}
{"dateofbirth":"1999-01-12","firstname":"Name","password":"7c70e4cdbaaf98aa743f8e5f432871d69cd633d88e7ab5f7941ed4143c882617","gender":"male","username":"wrongUser","lastname":"lastName"}
{"dateofbirth":"1999-01-12","firstname":"Name","password":"3983c506a7e53ede8c62e0c5a610da2e3bc0932b06761e3f6d50d5723d8bc2f","gender":"male","username":"testUser","lastname":"lastName"}
{"password":"d74ff0ee8da3b9806b18c877dbf29bbde50b5bd8e4dad7a3a725000feb82e8f1","username":"user"}
{"dateofbirth":"1999-01-12","firstname":"Name","password":"3983c506a7e53ede8c62e0c5a610da2e3bc0932b06761e3f6d50d5723d8bc2f","gender":"male","username":"testUser","lastname":"lastName"}
{"password":"f00833418313412349557b6684541ada9cd844b0c195ea163eb734c315ce639b","username":"wrong_user"}
{"dateofbirth":"1999-01-12","firstname":"Name","password":"7c70e4cdbaaf98aa743f8e5f432871d69cd633d88e7ab5f7941ed4143c882617","gender":"male","username":"wrongUser","lastname":"lastName"}
{"password":"d74ff0ee8da3b9806b18c877dbf29bbde50b5bd8e4dad7a3a725000feb82e8f1","username":"user"}
{"dateofbirth":"1999-01-12","firstname":"Name","password":"3983c506a7e53ede8c62e0c5a610da2e3bc0932b06761e3f6d50d5723d8bc2f","gender":"male","username":"testUser","lastname":"lastName"}
{"password":"f00833418313412349557b6684541ada9cd844b0c195ea163eb734c315ce639b","username":"wrong_user"}
{"dateofbirth":"1999-01-12","firstname":"Name","password":"7c70e4cdbaaf98aa743f8e5f432871d69cd633d88e7ab5f7941ed4143c882617","gender":"male","username":"wrongUser","lastname":"lastName"}
{"password":"d74ff0ee8da3b9806b18c877dbf29bbde50b5bd8e4dad7a3a725000feb82e8f1","username":"user"}
{"password":"d74ff0ee8da3b9806b18c877dbf29bbde50b5bd8e4dad7a3a725000feb82e8f1","username":"user"}
{"dateofbirth":"1999-01-12","firstname":"Name","password":"3983c506a7e53ede8c62e0c5a610da2e3bc0932b06761e3f6d50d5723d8bc2f","gender":"male","username":"testUser","lastname":"lastName"}
{"password":"f00833418313412349557b6684541ada9cd844b0c195ea163eb734c315ce639b","username":"wrong_user"}
{"dateofbirth":"1999-01-12","firstname":"Name","password":"7c70e4cdbaaf98aa743f8e5f432871d69cd633d88e7ab5f7941ed4143c882617","gender":"male","username":"wrongUser","lastname":"lastName"}
{"password":"d74ff0ee8da3b9806b18c877dbf29bbde50b5bd8e4dad7a3a725000feb82e8f1","username":"user"}
{"dateofbirth":"1999-01-12","firstname":"Name","password":"3983c506a7e53ede8c62e0c5a610da2e3bc0932b06761e3f6d50d5723d8bc2f","gender":"male","username":"testUser","lastname":"lastName"}
{"password":"f00833418313412349557b6684541ada9cd844b0c195ea163eb734c315ce639b","username":"wrong_user"}
{"dateofbirth":"1999-01-12","firstname":"Name","password":"7c70e4cdbaaf98aa743f8e5f432871d69cd633d88e7ab5f7941ed4143c882617","gender":"male","username":"wrongUser","lastname":"lastName"}
{"password":"d74ff0ee8da3b9806b18c877dbf29bbde50b5bd8e4dad7a3a725000feb82e8f1","username":"user"}
{"dateofbirth":"1999-01-12","firstname":"Name","password":"3983c506a7e53ede8c62e0c5a610da2e3bc0932b06761e3f6d50d5723d8bc2f","gender":"male","username":"testUser","lastname":"lastName"}
{"password":"f00833418313412349557b6684541ada9cd844b0c195ea163eb734c315ce639b","username":"wrong_user"}
{"dateofbirth":"1999-01-12","firstname":"Name","password":"7c70e4cdbaaf98aa743f8e5f432871d69cd633d88e7ab5f7941ed4143c882617","gender":"male","username":"wrongUser","lastname":"lastName"}
java.net.MalformedURLException: no protocol: /wrongpath/authorization
{"password":"d74ff0ee8da3b9806b18c877dbf29bbde50b5bd8e4dad7a3a725000feb82e8f1","username":"user"}
{"dateofbirth":"1999-01-12","firstname":"Name","password":"3983c506a7e53ede8c62e0c5a610da2e3bc0932b06761e3f6d50d5723d8bc2f","gender":"male","username":"testUser","lastname":"lastName"}
{"password":"f00833418313412349557b6684541ada9cd844b0c195ea163eb734c315ce639b","username":"wrong_user"}
{"dateofbirth":"1999-01-12","firstname":"Name","password":"7c70e4cdbaaf98aa743f8e5f432871d69cd633d88e7ab5f7941ed4143c882617","gender":"male","username":"wrongUser","lastname":"lastName"}
java.net.MalformedURLException: no protocol: /wrongpath/registration
{"password":"d74ff0ee8da3b9806b18c877dbf29bbde50b5bd8e4dad7a3a725000feb82e8f1","username":"user"}
{"dateofbirth":"1999-01-12","firstname":"Name","password":"3983c506a7e53ede8c62e0c5a610da2e3bc0932b06761e3f6d50d5723d8bc2f","gender":"male","username":"testUser","lastname":"lastName"}
{"password":"f00833418313412349557b6684541ada9cd844b0c195ea163eb734c315ce639b","username":"wrong_user"}
{"dateofbirth":"1999-01-12","firstname":"Name","password":"7c70e4cdbaaf98aa743f8e5f432871d69cd633d88e7ab5f7941ed4143c882617","gender":"male","username":"wrongUser","lastname":"lastName"}
{"password":"d74ff0ee8da3b9806b18c877dbf29bbde50b5bd8e4dad7a3a725000feb82e8f1","username":"user"}
{"dateofbirth":"1999-01-12","firstname":"Name","password":"3983c506a7e53ede8c62e0c5a610da2e3bc0932b06761e3f6d50d5723d8bc2f","gender":"male","username":"testUser","lastname":"lastName"}
{"password":"f00833418313412349557b6684541ada9cd844b0c195ea163eb734c315ce639b","username":"wrong_user"}
{"dateofbirth":"1999-01-12","firstname":"Name","password":"7c70e4cdbaaf98aa743f8e5f432871d69cd633d88e7ab5f7941ed4143c882617","gender":"male","username":"wrongUser","lastname":"lastName"}
{"password":"d74ff0ee8da3b9806b18c877dbf29bbde50b5bd8e4dad7a3a725000feb82e8f1","username":"user"}
{"dateofbirth":"1999-01-12","firstname":"Name","password":"3983c506a7e53ede8c62e0c5a610da2e3bc0932b06761e3f6d50d5723d8bc2f","gender":"male","username":"testUser","lastname":"lastName"}
{"password":"f00833418313412349557b6684541ada9cd844b0c195ea163eb734c315ce639b","username":"wrong_user"}
{"dateofbirth":"1999-01-12","firstname":"Name","password":"7c70e4cdbaaf98aa743f8e5f432871d69cd633d88e7ab5f7941ed4143c882617","gender":"male","username":"wrongUser","lastname":"lastName"}
{"password":"d74ff0ee8da3b9806b18c877dbf29bbde50b5bd8e4dad7a3a725000feb82e8f1","username":"user"}
{"dateofbirth":"1999-01-12","firstname":"Name","password":"3983c506a7e53ede8c62e0c5a610da2e3bc0932b06761e3f6d50d5723d8bc2f","gender":"male","username":"testUser","lastname":"lastName"}
{"password":"f00833418313412349557b6684541ada9cd844b0c195ea163eb734c315ce639b","username":"wrong_user"}
{"dateofbirth":"1999-01-12","firstname":"Name","password":"7c70e4cdbaaf98aa743f8e5f432871d69cd633d88e7ab5f7941ed4143c882617","gender":"male","username":"wrongUser","lastname":"lastName"}
{"password":"d74ff0ee8da3b9806b18c877dbf29bbde50b5bd8e4dad7a3a725000feb82e8f1","username":"user"}
{"dateofbirth":"1999-01-12","firstname":"Name","password":"3983c506a7e53ede8c62e0c5a610da2e3bc0932b06761e3f6d50d5723d8bc2f","gender":"male","username":"testUser","lastname":"lastName"}
{"password":"f00833418313412349557b6684541ada9cd844b0c195ea163eb734c315ce639b","username":"wrong_user"}
{"dateofbirth":"1999-01-12","firstname":"Name","password":"7c70e4cdbaaf98aa743f8e5f432871d69cd633d88e7ab5f7941ed4143c882617","gender":"male","username":"wrongUser","lastname":"lastName"}
{"password":"f00833418313412349557b6684541ada9cd844b0c195ea163eb734c315ce639b","username":"wrong_user"}
{"password":"d74ff0ee8da3b9806b18c877dbf29bbde50b5bd8e4dad7a3a725000feb82e8f1","username":"user"}
{"dateofbirth":"1999-01-12","firstname":"Name","password":"3983c506a7e53ede8c62e0c5a610da2e3bc0932b06761e3f6d50d5723d8bc2f","gender":"male","username":"testUser","lastname":"lastName"}
{"password":"f00833418313412349557b6684541ada9cd844b0c195ea163eb734c315ce639b","username":"wrong_user"}
{"dateofbirth":"1999-01-12","firstname":"Name","password":"7c70e4cdbaaf98aa743f8e5f432871d69cd633d88e7ab5f7941ed4143c882617","gender":"male","username":"wrongUser","lastname":"lastName"}
{"password":"d74ff0ee8da3b9806b18c877dbf29bbde50b5bd8e4dad7a3a725000feb82e8f1","username":"user"}
{"dateofbirth":"1999-01-12","firstname":"Name","password":"3983c506a7e53ede8c62e0c5a610da2e3bc0932b06761e3f6d50d5723d8bc2f","gender":"male","username":"testUser","lastname":"lastName"}
{"password":"f00833418313412349557b6684541ada9cd844b0c195ea163eb734c315ce639b","username":"wrong_user"}
{"dateofbirth":"1999-01-12","firstname":"Name","password":"7c70e4cdbaaf98aa743f8e5f432871d69cd633d88e7ab5f7941ed4143c882617","gender":"male","username":"wrongUser","lastname":"lastName"}
{"password":"d74ff0ee8da3b9806b18c877dbf29bbde50b5bd8e4dad7a3a725000feb82e8f1","username":"user"}
{"dateofbirth":"1999-01-12","firstname":"Name","password":"3983c506a7e53ede8c62e0c5a610da2e3bc0932b06761e3f6d50d5723d8bc2f","gender":"male","username":"testUser","lastname":"lastName"}
{"password":"f00833418313412349557b6684541ada9cd844b0c195ea163eb734c315ce639b","username":"wrong_user"}
{"dateofbirth":"1999-01-12","firstname":"Name","password":"7c70e4cdbaaf98aa743f8e5f432871d69cd633d88e7ab5f7941ed4143c882617","gender":"male","username":"wrongUser","lastname":"lastName"}
{"dateofbirth":"1999-01-12","firstname":"Name","password":"7c70e4cdbaaf98aa743f8e5f432871d69cd633d88e7ab5f7941ed4143c882617","gender":"male","username":"wrongUser","lastname":"lastName"}
]]></system-out>
  <system-err><![CDATA[Apr 14, 2019 8:14:59 PM oop.App log
INFO: oop.connection.HttpRequest: Creating HttpRequest Object
Apr 14, 2019 8:15:00 PM oop.App log
INFO: oop.details.LoginDetails: Creating JSON - Login
Apr 14, 2019 8:15:00 PM oop.App log
INFO: oop.details.RegistrationDetails: Creating JSON - Registration
Apr 14, 2019 8:15:00 PM oop.App log
INFO: oop.details.LoginDetails: Creating JSON - Login
Apr 14, 2019 8:15:00 PM oop.App log
INFO: oop.details.RegistrationDetails: Creating JSON - Registration
Apr 14, 2019 8:15:00 PM oop.App log
INFO: oop.connection.Connection: Registering User
Apr 14, 2019 8:15:00 PM oop.App log
INFO: oop.details.RegistrationDetails: Creating JSON - Registration
Apr 14, 2019 8:15:00 PM oop.App log
INFO: oop.connection.Connection: Successful Posting to Server - Registering User
Apr 14, 2019 8:15:00 PM oop.App log
INFO: oop.connection.HttpRequest: Creating HttpRequest Object
Apr 14, 2019 8:15:00 PM oop.App log
INFO: oop.details.LoginDetails: Creating JSON - Login
Apr 14, 2019 8:15:00 PM oop.App log
INFO: oop.details.RegistrationDetails: Creating JSON - Registration
Apr 14, 2019 8:15:00 PM oop.App log
INFO: oop.details.LoginDetails: Creating JSON - Login
Apr 14, 2019 8:15:00 PM oop.App log
INFO: oop.details.RegistrationDetails: Creating JSON - Registration
Apr 14, 2019 8:15:00 PM oop.App log
INFO: oop.connection.HttpRequest: Creating HttpRequest Object
Apr 14, 2019 8:15:00 PM oop.App log
INFO: oop.connection.HttpRequest: Creating HttpRequest Object
Apr 14, 2019 8:15:00 PM oop.App log
INFO: oop.details.LoginDetails: Creating JSON - Login
Apr 14, 2019 8:15:00 PM oop.App log
INFO: oop.details.RegistrationDetails: Creating JSON - Registration
Apr 14, 2019 8:15:00 PM oop.App log
INFO: oop.details.LoginDetails: Creating JSON - Login
Apr 14, 2019 8:15:00 PM oop.App log
INFO: oop.details.RegistrationDetails: Creating JSON - Registration
Apr 14, 2019 8:15:00 PM oop.App log
INFO: oop.details.LoginDetails: Creating JSON - Login
Apr 14, 2019 8:15:00 PM oop.App log
INFO: oop.connection.Connection: Successful Posting to Server - Logging In User
Apr 14, 2019 8:15:00 PM oop.App log
INFO: oop.connection.HttpRequest: Creating HttpRequest Object
Apr 14, 2019 8:15:00 PM oop.App log
INFO: oop.details.LoginDetails: Creating JSON - Login
Apr 14, 2019 8:15:00 PM oop.App log
INFO: oop.details.RegistrationDetails: Creating JSON - Registration
Apr 14, 2019 8:15:00 PM oop.App log
INFO: oop.details.LoginDetails: Creating JSON - Login
Apr 14, 2019 8:15:00 PM oop.App log
INFO: oop.details.RegistrationDetails: Creating JSON - Registration
Apr 14, 2019 8:15:00 PM oop.App log
INFO: oop.connection.HttpRequest: Creating HttpRequest Object
Apr 14, 2019 8:15:00 PM oop.App log
INFO: oop.details.LoginDetails: Creating JSON - Login
Apr 14, 2019 8:15:00 PM oop.App log
INFO: oop.details.RegistrationDetails: Creating JSON - Registration
Apr 14, 2019 8:15:00 PM oop.App log
INFO: oop.details.LoginDetails: Creating JSON - Login
Apr 14, 2019 8:15:00 PM oop.App log
INFO: oop.details.RegistrationDetails: Creating JSON - Registration
Apr 14, 2019 8:15:00 PM oop.App log
INFO: oop.connection.HttpRequest: Creating HttpRequest Object
Apr 14, 2019 8:15:00 PM oop.App log
INFO: oop.details.LoginDetails: Creating JSON - Login
Apr 14, 2019 8:15:00 PM oop.App log
INFO: oop.details.RegistrationDetails: Creating JSON - Registration
Apr 14, 2019 8:15:00 PM oop.App log
INFO: oop.details.LoginDetails: Creating JSON - Login
Apr 14, 2019 8:15:00 PM oop.App log
INFO: oop.details.RegistrationDetails: Creating JSON - Registration
Apr 14, 2019 8:15:00 PM oop.App log
WARNING: oop.connection.Connection: IOException - POST to Server - Logging In User
Apr 14, 2019 8:15:00 PM oop.App log
INFO: oop.connection.HttpRequest: Creating HttpRequest Object
Apr 14, 2019 8:15:00 PM oop.App log
INFO: oop.details.LoginDetails: Creating JSON - Login
Apr 14, 2019 8:15:00 PM oop.App log
INFO: oop.details.RegistrationDetails: Creating JSON - Registration
Apr 14, 2019 8:15:00 PM oop.App log
INFO: oop.details.LoginDetails: Creating JSON - Login
Apr 14, 2019 8:15:00 PM oop.App log
INFO: oop.details.RegistrationDetails: Creating JSON - Registration
Apr 14, 2019 8:15:00 PM oop.App log
INFO: oop.connection.Connection: Registering User
Apr 14, 2019 8:15:00 PM oop.App log
WARNING: oop.connection.Connection: IOException - POST to Server - Registering User
Apr 14, 2019 8:15:00 PM oop.App log
INFO: oop.connection.HttpRequest: Creating HttpRequest Object
Apr 14, 2019 8:15:00 PM oop.App log
INFO: oop.details.LoginDetails: Creating JSON - Login
Apr 14, 2019 8:15:00 PM oop.App log
INFO: oop.details.RegistrationDetails: Creating JSON - Registration
Apr 14, 2019 8:15:00 PM oop.App log
INFO: oop.details.LoginDetails: Creating JSON - Login
Apr 14, 2019 8:15:00 PM oop.App log
INFO: oop.details.RegistrationDetails: Creating JSON - Registration
Apr 14, 2019 8:15:00 PM oop.App log
INFO: oop.connection.HttpRequest: Creating HttpRequest Object
Apr 14, 2019 8:15:00 PM oop.App log
INFO: oop.details.LoginDetails: Creating JSON - Login
Apr 14, 2019 8:15:00 PM oop.App log
INFO: oop.details.RegistrationDetails: Creating JSON - Registration
Apr 14, 2019 8:15:00 PM oop.App log
INFO: oop.details.LoginDetails: Creating JSON - Login
Apr 14, 2019 8:15:00 PM oop.App log
INFO: oop.details.RegistrationDetails: Creating JSON - Registration
Apr 14, 2019 8:15:00 PM oop.App log
INFO: oop.connection.HttpRequest: Creating HttpRequest Object
Apr 14, 2019 8:15:00 PM oop.App log
INFO: oop.details.LoginDetails: Creating JSON - Login
Apr 14, 2019 8:15:00 PM oop.App log
INFO: oop.details.RegistrationDetails: Creating JSON - Registration
Apr 14, 2019 8:15:00 PM oop.App log
INFO: oop.details.LoginDetails: Creating JSON - Login
Apr 14, 2019 8:15:00 PM oop.App log
INFO: oop.details.RegistrationDetails: Creating JSON - Registration
Apr 14, 2019 8:15:00 PM oop.App log
WARNING: oop.connection.Connection: LoginDetails are NULL
Apr 14, 2019 8:15:00 PM oop.App log
INFO: oop.connection.HttpRequest: Creating HttpRequest Object
Apr 14, 2019 8:15:00 PM oop.App log
INFO: oop.details.LoginDetails: Creating JSON - Login
Apr 14, 2019 8:15:00 PM oop.App log
INFO: oop.details.RegistrationDetails: Creating JSON - Registration
Apr 14, 2019 8:15:00 PM oop.App log
INFO: oop.details.LoginDetails: Creating JSON - Login
Apr 14, 2019 8:15:00 PM oop.App log
INFO: oop.details.RegistrationDetails: Creating JSON - Registration
Apr 14, 2019 8:15:00 PM oop.App log
WARNING: oop.connection.Connection: LoginDetails are NULL
Apr 14, 2019 8:15:00 PM oop.App log
INFO: oop.connection.HttpRequest: Creating HttpRequest Object
Apr 14, 2019 8:15:00 PM oop.App log
INFO: oop.details.LoginDetails: Creating JSON - Login
Apr 14, 2019 8:15:00 PM oop.App log
INFO: oop.details.RegistrationDetails: Creating JSON - Registration
Apr 14, 2019 8:15:00 PM oop.App log
INFO: oop.details.LoginDetails: Creating JSON - Login
Apr 14, 2019 8:15:00 PM oop.App log
INFO: oop.details.RegistrationDetails: Creating JSON - Registration
Apr 14, 2019 8:15:00 PM oop.App log
INFO: oop.details.LoginDetails: Creating JSON - Login
Apr 14, 2019 8:15:00 PM oop.App log
WARNING: oop.connection.Connection: Unsuccessful Posting to  Server - Logging In User
Apr 14, 2019 8:15:00 PM oop.App log
INFO: oop.connection.HttpRequest: Creating HttpRequest Object
Apr 14, 2019 8:15:00 PM oop.App log
INFO: oop.details.LoginDetails: Creating JSON - Login
Apr 14, 2019 8:15:00 PM oop.App log
INFO: oop.details.RegistrationDetails: Creating JSON - Registration
Apr 14, 2019 8:15:00 PM oop.App log
INFO: oop.details.LoginDetails: Creating JSON - Login
Apr 14, 2019 8:15:00 PM oop.App log
INFO: oop.details.RegistrationDetails: Creating JSON - Registration
Apr 14, 2019 8:15:00 PM oop.App log
INFO: oop.connection.HttpRequest: Creating HttpRequest Object
Apr 14, 2019 8:15:00 PM oop.App log
INFO: oop.details.LoginDetails: Creating JSON - Login
Apr 14, 2019 8:15:00 PM oop.App log
INFO: oop.details.RegistrationDetails: Creating JSON - Registration
Apr 14, 2019 8:15:00 PM oop.App log
INFO: oop.details.LoginDetails: Creating JSON - Login
Apr 14, 2019 8:15:00 PM oop.App log
INFO: oop.details.RegistrationDetails: Creating JSON - Registration
Apr 14, 2019 8:15:00 PM oop.App log
INFO: oop.connection.HttpRequest: Creating HttpRequest Object
Apr 14, 2019 8:15:00 PM oop.App log
INFO: oop.details.LoginDetails: Creating JSON - Login
Apr 14, 2019 8:15:00 PM oop.App log
INFO: oop.details.RegistrationDetails: Creating JSON - Registration
Apr 14, 2019 8:15:00 PM oop.App log
INFO: oop.details.LoginDetails: Creating JSON - Login
Apr 14, 2019 8:15:00 PM oop.App log
INFO: oop.details.RegistrationDetails: Creating JSON - Registration
Apr 14, 2019 8:15:00 PM oop.App log
INFO: oop.connection.Connection: Registering User
Apr 14, 2019 8:15:00 PM oop.App log
INFO: oop.details.RegistrationDetails: Creating JSON - Registration
Apr 14, 2019 8:15:00 PM oop.App log
WARNING: oop.connection.Connection: Unsuccessful Posting to Server - Registering User
]]></system-err>
</testsuite>
