<?xml version="1.0" encoding="UTF-8"?>
<testsuite name="oop.UserSearchConnectionTest" tests="4" skipped="0" failures="0" errors="0" timestamp="2019-04-14T18:15:01" hostname="Ilyas-MBP.Stieltjesweg.duwo.lan" time="0.011">
  <properties/>
  <testcase name="receiveUsersNoUsernameTest" classname="oop.UserSearchConnectionTest" time="0.005"/>
  <testcase name="test_receiveUsers_IOException" classname="oop.UserSearchConnectionTest" time="0.003"/>
  <testcase name="receiveUsersValidFriendTest" classname="oop.UserSearchConnectionTest" time="0.001"/>
  <testcase name="receiveUsersWrongFriendTest" classname="oop.UserSearchConnectionTest" time="0.002"/>
  <system-out><![CDATA[]]></system-out>
  <system-err><![CDATA[Apr 14, 2019 8:15:01 PM oop.App log
INFO: oop.connection.HttpRequest: Creating HttpRequest Object
Apr 14, 2019 8:15:01 PM oop.App log
INFO: oop.connection.HttpRequest: Creating HttpRequest Object
Apr 14, 2019 8:15:01 PM oop.App log
WARNING: oop.connection.Connection: IOException - GET to Server - Retrieving Food
Apr 14, 2019 8:15:01 PM oop.App log
INFO: oop.connection.HttpRequest: Creating HttpRequest Object
Apr 14, 2019 8:15:01 PM oop.App log
INFO: oop.connection.HttpRequest: Creating HttpRequest Object
]]></system-err>
</testsuite>
