<?xml version="1.0" encoding="UTF-8"?>
<testsuite name="oop.FriendConnectionTest" tests="8" skipped="0" failures="0" errors="0" timestamp="2019-04-14T18:14:58" hostname="Ilyas-MBP.Stieltjesweg.duwo.lan" time="0.963">
  <properties/>
  <testcase name="removeFriendValidTest" classname="oop.FriendConnectionTest" time="0.923"/>
  <testcase name="test_addFriend_IOException" classname="oop.FriendConnectionTest" time="0.006"/>
  <testcase name="test_removeFriend_IOException" classname="oop.FriendConnectionTest" time="0.004"/>
  <testcase name="addFriendValidFriendTest" classname="oop.FriendConnectionTest" time="0.006"/>
  <testcase name="addFriendWrongFriendTest" classname="oop.FriendConnectionTest" time="0.006"/>
  <testcase name="removeFriendNoUsernameTest" classname="oop.FriendConnectionTest" time="0.004"/>
  <testcase name="removeFriendInvalidTest" classname="oop.FriendConnectionTest" time="0.004"/>
  <testcase name="addFriendNoUsernameTest" classname="oop.FriendConnectionTest" time="0.005"/>
  <system-out><![CDATA[]]></system-out>
  <system-err><![CDATA[Apr 14, 2019 8:14:59 PM oop.App log
INFO: oop.connection.HttpRequest: Creating HttpRequest Object
Apr 14, 2019 8:14:59 PM oop.App log
INFO: oop.connection.Connection: Successful Posting to Server - Deleting friend
Apr 14, 2019 8:14:59 PM oop.App log
INFO: oop.connection.HttpRequest: Creating HttpRequest Object
Apr 14, 2019 8:14:59 PM oop.App log
WARNING: oop.connection.Connection: IOException - POST to Server - Adding friend
Apr 14, 2019 8:14:59 PM oop.App log
INFO: oop.connection.HttpRequest: Creating HttpRequest Object
Apr 14, 2019 8:14:59 PM oop.App log
WARNING: oop.connection.Connection: IOException - POST to Server - Deleting friend
Apr 14, 2019 8:14:59 PM oop.App log
INFO: oop.connection.HttpRequest: Creating HttpRequest Object
Apr 14, 2019 8:14:59 PM oop.App log
WARNING: oop.connection.Connection: User Not logged In
Apr 14, 2019 8:14:59 PM oop.App log
INFO: oop.connection.HttpRequest: Creating HttpRequest Object
Apr 14, 2019 8:14:59 PM oop.App log
INFO: oop.connection.Connection: Unsuccessful Posting to Server - Adding friend
Apr 14, 2019 8:14:59 PM oop.App log
INFO: oop.connection.HttpRequest: Creating HttpRequest Object
Apr 14, 2019 8:14:59 PM oop.App log
WARNING: oop.connection.Connection: User Not logged In
Apr 14, 2019 8:14:59 PM oop.App log
INFO: oop.connection.HttpRequest: Creating HttpRequest Object
Apr 14, 2019 8:14:59 PM oop.App log
INFO: oop.connection.Connection: Unsuccessful Posting to Server - Deleting friend
Apr 14, 2019 8:14:59 PM oop.App log
INFO: oop.connection.HttpRequest: Creating HttpRequest Object
Apr 14, 2019 8:14:59 PM oop.App log
WARNING: oop.connection.Connection: User Not logged In
]]></system-err>
</testsuite>
