<?xml version="1.0" encoding="UTF-8"?>
<testsuite name="oop.HttpDataTest" tests="1" skipped="0" failures="0" errors="0" timestamp="2019-04-14T18:15:00" hostname="Ilyas-MBP.Stieltjesweg.duwo.lan" time="0.0">
  <properties/>
  <testcase name="test_HttpData" classname="oop.HttpDataTest" time="0.0"/>
  <system-out><![CDATA[]]></system-out>
  <system-err><![CDATA[]]></system-err>
</testsuite>
