<?xml version="1.0" encoding="UTF-8"?>
<testsuite name="oop.LeaderboardDetailsTest" tests="2" skipped="0" failures="0" errors="0" timestamp="2019-04-14T18:15:00" hostname="Ilyas-MBP.Stieltjesweg.duwo.lan" time="0.001">
  <properties/>
  <testcase name="parseLeaderboardInvalidTest" classname="oop.LeaderboardDetailsTest" time="0.0"/>
  <testcase name="parseLeaderboardValidTest" classname="oop.LeaderboardDetailsTest" time="0.001"/>
  <system-out><![CDATA[]]></system-out>
  <system-err><![CDATA[]]></system-err>
</testsuite>
