<?xml version="1.0" encoding="UTF-8"?>
<testsuite name="oop.FriendDetailsTest" tests="5" skipped="0" failures="0" errors="0" timestamp="2019-04-14T18:14:59" hostname="Ilyas-MBP.Stieltjesweg.duwo.lan" time="0.124">
  <properties/>
  <testcase name="test_getuser" classname="oop.FriendDetailsTest" time="0.001"/>
  <testcase name="isFriendFailTest" classname="oop.FriendDetailsTest" time="0.003"/>
  <testcase name="parseFailTest" classname="oop.FriendDetailsTest" time="0.116"/>
  <testcase name="isFriendValidTest" classname="oop.FriendDetailsTest" time="0.0"/>
  <testcase name="parseValidTest" classname="oop.FriendDetailsTest" time="0.001"/>
  <system-out><![CDATA[]]></system-out>
  <system-err><![CDATA[]]></system-err>
</testsuite>
