<?xml version="1.0" encoding="UTF-8"?>
<testsuite name="oop.AchievementDetailsTest" tests="5" skipped="0" failures="0" errors="0" timestamp="2019-04-14T18:15:00" hostname="Ilyas-MBP.Stieltjesweg.duwo.lan" time="0.002">
  <properties/>
  <testcase name="parseAchievementsInvalidTest" classname="oop.AchievementDetailsTest" time="0.0"/>
  <testcase name="parseAchievementsValidTest" classname="oop.AchievementDetailsTest" time="0.001"/>
  <testcase name="parseAchievementInvalidTest" classname="oop.AchievementDetailsTest" time="0.0"/>
  <testcase name="stringifyTest" classname="oop.AchievementDetailsTest" time="0.001"/>
  <testcase name="parseAchievementValidTest" classname="oop.AchievementDetailsTest" time="0.0"/>
  <system-out><![CDATA[{"name":"name","description":"description","id":1}
]]></system-out>
  <system-err><![CDATA[]]></system-err>
</testsuite>
