<?xml version="1.0" encoding="UTF-8"?>
<testsuite name="oop.BadgeConnectionTest" tests="12" skipped="0" failures="0" errors="0" timestamp="2019-04-14T18:15:00" hostname="Ilyas-MBP.Stieltjesweg.duwo.lan" time="0.039">
  <properties/>
  <testcase name="test_receiveUserBadges_invalid" classname="oop.BadgeConnectionTest" time="0.006"/>
  <testcase name="test_receiveUserBadges_valid" classname="oop.BadgeConnectionTest" time="0.003"/>
  <testcase name="test_receiveBadges_null" classname="oop.BadgeConnectionTest" time="0.002"/>
  <testcase name="test_receiveUserBadges_IOException" classname="oop.BadgeConnectionTest" time="0.002"/>
  <testcase name="test_sendBadge_IOException" classname="oop.BadgeConnectionTest" time="0.003"/>
  <testcase name="test_receiveBadges_invalid" classname="oop.BadgeConnectionTest" time="0.004"/>
  <testcase name="test_receiveBadges_valid" classname="oop.BadgeConnectionTest" time="0.002"/>
  <testcase name="test_receiveBadges_IOException" classname="oop.BadgeConnectionTest" time="0.003"/>
  <testcase name="test_sendBadge_validFalseUsername" classname="oop.BadgeConnectionTest" time="0.003"/>
  <testcase name="test_sendBadge_validCorrectUsername" classname="oop.BadgeConnectionTest" time="0.003"/>
  <testcase name="test_sendBadge_invalidUsername" classname="oop.BadgeConnectionTest" time="0.003"/>
  <testcase name="test_receiveUserBadges_null" classname="oop.BadgeConnectionTest" time="0.003"/>
  <system-out><![CDATA[{"badgeid":1,"userid":0}
{"badgeid":1,"userid":0}
{"badges":[{"name":"name","description":"description","id":1}]}
{"badgeid":1,"userid":0}
{"badgeid":1,"userid":0}
{"badgeid":1,"userid":0}
{"badgeid":1,"userid":0}
{"badgeid":1,"userid":0}
{"badges":[{"name":"name","description":"description","id":1}]}
{"badgeid":1,"userid":0}
{"badgeid":1,"userid":0}
{"badgeid":1,"userid":0}
{"badgeid":1,"userid":0}
{"badgeid":1,"userid":0}
{"badgeid":1,"userid":0}
{"badgeid":1,"userid":0}
]]></system-out>
  <system-err><![CDATA[Apr 14, 2019 8:15:00 PM oop.App log
INFO: oop.connection.HttpRequest: Creating HttpRequest Object
Apr 14, 2019 8:15:00 PM oop.App log
INFO: oop.connection.HttpRequest: Creating HttpRequest Object
Apr 14, 2019 8:15:00 PM oop.App log
INFO: oop.connection.HttpRequest: Creating HttpRequest Object
Apr 14, 2019 8:15:00 PM oop.App log
INFO: oop.connection.HttpRequest: Creating HttpRequest Object
Apr 14, 2019 8:15:00 PM oop.App log
WARNING: oop.connection.Connection: IOException - GET to Server - Retrieving user badges
Apr 14, 2019 8:15:00 PM oop.App log
INFO: oop.connection.HttpRequest: Creating HttpRequest Object
Apr 14, 2019 8:15:00 PM oop.App log
WARNING: oop.connection.Connection: IOException - POST to Server - Sending Badge
Apr 14, 2019 8:15:00 PM oop.App log
INFO: oop.connection.HttpRequest: Creating HttpRequest Object
Apr 14, 2019 8:15:00 PM oop.App log
INFO: oop.connection.HttpRequest: Creating HttpRequest Object
Apr 14, 2019 8:15:00 PM oop.App log
INFO: oop.connection.HttpRequest: Creating HttpRequest Object
Apr 14, 2019 8:15:00 PM oop.App log
WARNING: oop.connection.Connection: IOException - GET to Server - Retrieving all badges
Apr 14, 2019 8:15:00 PM oop.App log
INFO: oop.connection.HttpRequest: Creating HttpRequest Object
Apr 14, 2019 8:15:00 PM oop.App log
INFO: oop.connection.Connection: Unsuccessful Posting to Server - Sending Badge
Apr 14, 2019 8:15:00 PM oop.App log
INFO: oop.connection.HttpRequest: Creating HttpRequest Object
Apr 14, 2019 8:15:00 PM oop.App log
INFO: oop.connection.Connection: Successful Posting to Server - Sending Badge
Apr 14, 2019 8:15:00 PM oop.App log
INFO: oop.connection.HttpRequest: Creating HttpRequest Object
Apr 14, 2019 8:15:00 PM oop.App log
WARNING: oop.connection.Connection: User Not logged In
Apr 14, 2019 8:15:00 PM oop.App log
INFO: oop.connection.HttpRequest: Creating HttpRequest Object
]]></system-err>
</testsuite>
