<?xml version="1.0" encoding="UTF-8"?>
<testsuite name="oop.RegistrationConnectionTest" tests="8" skipped="0" failures="0" errors="0" timestamp="2019-04-14T18:15:00" hostname="Ilyas-MBP.Stieltjesweg.duwo.lan" time="0.037">
  <properties/>
  <testcase name="test_deleteRegistration_valid" classname="oop.RegistrationConnectionTest" time="0.006"/>
  <testcase name="test_deleteRegistration_invalid" classname="oop.RegistrationConnectionTest" time="0.007"/>
  <testcase name="test_receiveRegistration_null" classname="oop.RegistrationConnectionTest" time="0.003"/>
  <testcase name="test_receiveRegistration_IOException" classname="oop.RegistrationConnectionTest" time="0.003"/>
  <testcase name="test_deleteRegistration_null" classname="oop.RegistrationConnectionTest" time="0.005"/>
  <testcase name="test_deleteRegistration_IOException" classname="oop.RegistrationConnectionTest" time="0.003"/>
  <testcase name="test_receiveRegistration_invalid" classname="oop.RegistrationConnectionTest" time="0.003"/>
  <testcase name="test_receiveRegistration_valid" classname="oop.RegistrationConnectionTest" time="0.003"/>
  <system-out><![CDATA[{"dateofbirth":"01-01-1970","firstname":"first","password":"d74ff0ee8da3b9806b18c877dbf29bbde50b5bd8e4dad7a3a725000feb82e8f1","gender":"male","username":"user","lastname":"last"}
{"dateofbirth":"01-01-1970","firstname":"first","password":"d74ff0ee8da3b9806b18c877dbf29bbde50b5bd8e4dad7a3a725000feb82e8f1","gender":"male","username":"user","lastname":"last"}
{"dateofbirth":"01-01-1970","firstname":"first","password":"d74ff0ee8da3b9806b18c877dbf29bbde50b5bd8e4dad7a3a725000feb82e8f1","gender":"male","username":"user","lastname":"last"}
{"dateofbirth":"01-01-1970","firstname":"first","password":"d74ff0ee8da3b9806b18c877dbf29bbde50b5bd8e4dad7a3a725000feb82e8f1","gender":"male","username":"user","lastname":"last"}
{"dateofbirth":"01-01-1970","firstname":"first","password":"d74ff0ee8da3b9806b18c877dbf29bbde50b5bd8e4dad7a3a725000feb82e8f1","gender":"male","username":"user","lastname":"last"}
{"dateofbirth":"01-01-1970","firstname":"first","password":"d74ff0ee8da3b9806b18c877dbf29bbde50b5bd8e4dad7a3a725000feb82e8f1","gender":"male","username":"user","lastname":"last"}
{"dateofbirth":"01-01-1970","firstname":"first","password":"d74ff0ee8da3b9806b18c877dbf29bbde50b5bd8e4dad7a3a725000feb82e8f1","gender":"male","username":"user","lastname":"last"}
{"dateofbirth":"01-01-1970","firstname":"first","password":"d74ff0ee8da3b9806b18c877dbf29bbde50b5bd8e4dad7a3a725000feb82e8f1","gender":"male","username":"user","lastname":"last"}
{"dateofbirth":"01-01-1970","firstname":"first","password":"d74ff0ee8da3b9806b18c877dbf29bbde50b5bd8e4dad7a3a725000feb82e8f1","gender":"male","username":"user","lastname":"last"}
{"dateofbirth":"01-01-1970","firstname":"first","password":"d74ff0ee8da3b9806b18c877dbf29bbde50b5bd8e4dad7a3a725000feb82e8f1","gender":"male","username":"user","lastname":"last"}
{"dateofbirth":"01-01-1970","firstname":"first","password":"d74ff0ee8da3b9806b18c877dbf29bbde50b5bd8e4dad7a3a725000feb82e8f1","gender":"male","username":"user","lastname":"last"}
{"dateofbirth":"01-01-1970","firstname":"first","gender":"male","username":"user","lastname":"last"}
]]></system-out>
  <system-err><![CDATA[Apr 14, 2019 8:15:00 PM oop.App log
INFO: oop.connection.HttpRequest: Creating HttpRequest Object
Apr 14, 2019 8:15:00 PM oop.App log
INFO: oop.details.RegistrationDetails: Creating JSON - Registration
Apr 14, 2019 8:15:00 PM oop.App log
INFO: oop.details.RegistrationDetails: Creating JSON - Registration
Apr 14, 2019 8:15:00 PM oop.App log
INFO: oop.connection.Connection: Successful Posting to Server - Deleting Registration
Apr 14, 2019 8:15:00 PM oop.App log
INFO: oop.connection.HttpRequest: Creating HttpRequest Object
Apr 14, 2019 8:15:00 PM oop.App log
INFO: oop.details.RegistrationDetails: Creating JSON - Registration
Apr 14, 2019 8:15:00 PM oop.App log
INFO: oop.details.RegistrationDetails: Creating JSON - Registration
Apr 14, 2019 8:15:00 PM oop.App log
INFO: oop.connection.Connection: Unsuccessful Posting to Server - Deleting Registration
Apr 14, 2019 8:15:00 PM oop.App log
INFO: oop.connection.HttpRequest: Creating HttpRequest Object
Apr 14, 2019 8:15:00 PM oop.App log
INFO: oop.details.RegistrationDetails: Creating JSON - Registration
Apr 14, 2019 8:15:00 PM oop.App log
INFO: oop.connection.HttpRequest: Creating HttpRequest Object
Apr 14, 2019 8:15:00 PM oop.App log
INFO: oop.details.RegistrationDetails: Creating JSON - Registration
Apr 14, 2019 8:15:00 PM oop.App log
WARNING: oop.connection.Connection: IOException - GET to Server - Retrieving Food
Apr 14, 2019 8:15:00 PM oop.App log
INFO: oop.connection.HttpRequest: Creating HttpRequest Object
Apr 14, 2019 8:15:00 PM oop.App log
INFO: oop.details.RegistrationDetails: Creating JSON - Registration
Apr 14, 2019 8:15:00 PM oop.App log
INFO: oop.details.RegistrationDetails: Creating JSON - Registration
Apr 14, 2019 8:15:00 PM oop.App log
INFO: oop.connection.Connection: Unsuccessful Posting to Server - Deleting Registration
Apr 14, 2019 8:15:00 PM oop.App log
INFO: oop.connection.HttpRequest: Creating HttpRequest Object
Apr 14, 2019 8:15:00 PM oop.App log
INFO: oop.details.RegistrationDetails: Creating JSON - Registration
Apr 14, 2019 8:15:00 PM oop.App log
WARNING: oop.connection.Connection: IOException - POST to Server - Deleting Registration
Apr 14, 2019 8:15:00 PM oop.App log
INFO: oop.connection.HttpRequest: Creating HttpRequest Object
Apr 14, 2019 8:15:00 PM oop.App log
INFO: oop.details.RegistrationDetails: Creating JSON - Registration
Apr 14, 2019 8:15:00 PM oop.App log
INFO: oop.connection.HttpRequest: Creating HttpRequest Object
Apr 14, 2019 8:15:00 PM oop.App log
INFO: oop.details.RegistrationDetails: Creating JSON - Registration
]]></system-err>
</testsuite>
