<?xml version="1.0" encoding="UTF-8"?>
<testsuite name="oop.AchievementConnectionTest" tests="4" skipped="0" failures="0" errors="0" timestamp="2019-04-14T18:15:00" hostname="Ilyas-MBP.Stieltjesweg.duwo.lan" time="0.014">
  <properties/>
  <testcase name="test_receiveAchievements_IOException" classname="oop.AchievementConnectionTest" time="0.005"/>
  <testcase name="test_receiveAchievements_valid" classname="oop.AchievementConnectionTest" time="0.003"/>
  <testcase name="test_receiveAchievements_invalid" classname="oop.AchievementConnectionTest" time="0.003"/>
  <testcase name="test_receiveAchievements_null" classname="oop.AchievementConnectionTest" time="0.003"/>
  <system-out><![CDATA[{"name":"name","description":"description","id":1}
{"name":"name","description":"description","id":1}
{"achievements":[{"goal":100,"name":"name","description":"description","id":1}]}
{"name":"name","description":"description","id":1}
{"name":"name","description":"description","id":1}
]]></system-out>
  <system-err><![CDATA[Apr 14, 2019 8:15:00 PM oop.App log
INFO: oop.connection.HttpRequest: Creating HttpRequest Object
Apr 14, 2019 8:15:00 PM oop.App log
WARNING: oop.connection.Connection: IOException - GET to Server - Retrieving Achievement
Apr 14, 2019 8:15:00 PM oop.App log
INFO: oop.connection.HttpRequest: Creating HttpRequest Object
Apr 14, 2019 8:15:00 PM oop.App log
INFO: oop.connection.HttpRequest: Creating HttpRequest Object
Apr 14, 2019 8:15:00 PM oop.App log
INFO: oop.connection.HttpRequest: Creating HttpRequest Object
]]></system-err>
</testsuite>
